"object has no attribute 'dict'" Code Example
Follow
GREPPER
SEARCH SNIPPETS
FAQ
USAGE DOCS
INSTALL GREPPER
Log In
Signup
All Languages
>>
Python
>>
"object has no attribute 'dict'"
“"object has no attribute 'dict'"” Code Answer
AttributeError: 'dict' object has no attribute 'iteritems'
python by
Bored Coder
on
Apr 14 2020
Donate
Comment
6
As you are in python3 , use dict.items() instead of dict.iteritems()
iteritems() was removed in python3, so you can't use this method
anymore. Take a look at Python 3.0 Wiki Built-in Changes section,
where it is stated:
Removed dict.iteritems(), dict.iterkeys(), and dict.itervalues().
Instead: use dict.items(), dict.keys(), dict.values() respectively.
Add a Grepper Answer
Python answers related to “"object has no attribute 'dict'"”
'dict' object has no attribute 'append' 'dict_keys' object has no attribute 'tolist' 'FigureWidget' object has no attribute 'on_selection' 'NoneType' object has no attribute 'attname' 'str' object has no attribute 'remove' AttributeError: 'Database' object has no attribute 'remove' AttributeError: 'list' object has no attribute 'dtypes' AttributeError: 'NoneType' object has no attribute 'format' AttributeError: 'str' object has no attribute 'remove' python AttributeError: 'Tensor' object has no attribute 'get_shape' AttributeError: 'tuple' object has no attribute 'name' AttributeError: 'tuple' object has no attribute 'reshape' AttributeError: module 'tkinter' has no attribute 'x' AttributeError: type object 'Product' has no attribute 'Object' django queryset' object has no attribute objects IntegerField' object has no attribute 'value_from_datadict Pandas AttributeError: 'NoneType' object has no attribute 'head python tkinter AttributeError: 'NoneType' object has no attribute 'insert'
Python queries related to “"object has no attribute 'dict'"”
attributeerror 'dict' object has no attribute 'iteritems' python3 AttributeError: 'dict' object has no attribute 'iteritems'\ 'dict' object has no attribute 'iterrows' dict' object has no attribute 'iteritems 'dict' object has no attribute '__dict__' AttributeError: 'dict' object has no attribute 'iteritems' in frappe client AttributeError: 'dict' object has no attribute 'iteritems AttributeError: 'dict' object has no attribute 'iteritems' site:stackoverflow.com AttributeError: 'dict' object has no attribute '_mutable' AttributeError: 'dict' object has no attribute 'item' The error was: 'dict object' has no attribute 'invocation 'dict' object has no attribute 'encode' "AttributeError: 'Table' object has no attribute 'table'" "object has no attribute 'dict'" dict object' has no attribute 'stdout' dict has no object iteritems list object has no attribute to_dict AttributeError: object has no attrubute AttributeError: 'dict' object has no attribute 'twiny' AttributeError: 'function' object has no attribute AttributeError: 'NoneType' object has no attribute 'dict' object has no attribute 'text' 'dict_values' object has no attribute 'values' preppy AttributeError: 'dict' object has no attribute 'number' AttributeError: 'dict' object has no attribute 'mycUserId' AttributeError: 'dict' object has no attribute ' ' dict object' has no attribute python AttributeError: 'dict' object has no attribute 'iteritems' AttributeError: 'dict' object has no attribute 'itervalues' dict has no attribute iteritems AttributeError: 'dict' object has no attribute 'toDF' 'dict' object has no attribute 'norm' why iteritems no longer exists in python dict object' has no attribute iteritems resolving 'dict' object has no attribute 'iter' on clean_html resolving 'dict' object has no attribute 'iter' dict' object has no attribute 'iteritems' python3 (<class 'AttributeError'>, AttributeError("'dict' object has no attribute 'itervalues'"), <traceback object at 0x11cfd7e10>) AttributeError: 'mappingproxy' object has no attribute 'iteritems' 'dict' object has no attribute 'iteritems'only size-1 arrays can be converted to Python scalars dict object has no attribute iteritems dict' object has no attribute 'iteritems' python 3 'dict' object has no attribute 'iteritems AttributeError: 'Rect' object has no attribute 'draw' AttributeError: 'Timestamp' object has no attribute 'days' AttributeError: 'Series' object has no attribute 'split' AttributeError: 'Plot_OldSync' object has no attribute 'mpyplot'
dict' object has no attribute 'iteritems' 'dict' object has no attribute 'iteritems' 'dict object' has no attribute 'iteritems' AttributeError: 'dict' object has no attribute 'iteritems'
Browse Python Answers by Framework
Django
Flask
More “Kinda” Related Python Answers
View All Python Answers »
jupyter ignore warnings python check if path does not exist python request remove warning ignore warnings python ModuleNotFoundError: No module named 'allauth' AttributeError: type object 'Callable' has no attribute '_abc_registry' ParserError: Error tokenizing data. C error: Expected 1 fields in line 87, saw 2 No module named 'rest_framework' Command "python setup.py egg_info" failed with error code 1 XLRDError: Excel xlsx file; not supported no module psycopg2 conda create environment pyaudio not installing ubuntu AttributeError: module 'librosa' has no attribute 'display' site:stackoverflow.com ModuleNotFoundError: No module named 'matplotlib' ModuleNotFoundError: No module named 'exceptions' from Crypto.Cipher import AES ModuleNotFoundError: No module named 'Crypto' No module named 'rest_framework_simplejwt' post has no object memeber in django error ModuleNotFoundError: No module named 'sklearn.cross_validation' from _curses import * ModuleNotFoundError: No module named '_curses' errno 13 permission denied python EnvironmentError command line No module named 'xgboost' OSError: [E050] Can't find model 'de'. It doesn't seem to be a shortcut link, a Python package or a valid path to a data directory. 'Keras requires TensorFlow 2.2 or higher. ' ImportError: Keras requires TensorFlow 2.2 or higher. Install TensorFlow via `pip install tensorflow docker compose command not found conda install lxml File "manage.py", line 17) from exc^ SyntaxError: invalid syntax ModuleNotFoundError: No module named 'rest_auth' ModuleNotFoundError: No module named 'en_core_web_sm' module 'cv2' has no 'videocapture' member python create requirements.txt conda AttributeError: module 'tensorflow' has no attribute 'Session' urllib.error.URLError: <urlopen error [SSL: CERTIFICATE_VERIFY_FAILED] certificate verify failed: unable to get local issuer certificate (_ssl.c:1123)> UserWarning: Using slow pure-python SequenceMatcher. Install python-Levenshtein to remove this warning warnings.warn('Using slow pure-python SequenceMatcher. Install python-Levenshtein to remove this warning' ModuleNotFoundError: No module named 'seaborn' TypeError: dict is not a sequence pipenv freeze requirements.txt python exception element not found OSError: [E050] Can't find model 'en'. It doesn't seem to be a shortcut link, a Python package or a valid path to a data directory. AttributeError: module 'tensorflow' has no attribute 'placeholder' AttributeError: 'dict' object has no attribute 'iteritems' pytesseract tesseract is not installed AttributeError: module 'tensorflow' has no attribute 'GraphDef' python remove cached package No module named 'sqlalchemy' mac ModuleNotFoundError: No module named 'pydub' ModuleNotFoundError: No module named 'pandas' PackagesNotFoundError: The following packages are not available from current channels: - python==3.6 Python.h: No such file or directory DeprecationWarning: an integer is required (got type float). Implicit conversion to integers using __int__ is deprecated, and may be removed in a future version of Python. ModuleNotFoundError: No module named 'sklearn' pylint no name in module cv2 he current Numpy installation ('C:\\Users\\muham\\.virtualenvs\\Backend-vjttHJMD\\lib\\site-packages\\numpy\\__init__.py') fails to pass a sanity check due to a bug in the windows runtime. See this issue for more information: https://tinyurl.com/y3dm3h86 How do I set Conda to activate the base environment by default? The `.create()` method does not support writable nested fields by default. Write an explicit `.create()` method for serializer `room_api.serializers.roomSerializer`, or set `read_only=True` on nested serializer fields. RuntimeError: Attempting to deserialize object on a CUDA device but torch.cuda.is_available() No module named 'sklearn.cross_validation' warning ignore python Could not find a version that satisfies the requirement psycopg2>=2.8 (from pgcli) (from versions: 2.7.5, 2.7.6, 2.7.6.1, 2.7.7) No module named 'bidi' return codecs.charmap_decode(input,self.errors,decoding_table)[0] UnicodeDecodeError: 'charmap' codec can't decode byte 0x8d in position 280: character maps to <undefined> ModuleNotFoundError: No module named 'django.core.urlresolvers' geckodriver' executable needs to be in path Message: 'chromedriver' executable needs to be in PATH. Please see https://sites.google.com/a/chromium.org/chromedriver/home cannot import name 'imputer' ModuleNotFoundError: No module named 'png' >>> import numpy Illegal instruction (core dumped) django.core.exceptions.ImproperlyConfigured: Specifying a namespace in include() without providing an app_name is not supported. Set the app_name attribute in the included module, or pass a 2-tuple containing the list of patterns and app_name instead. E: Unable to locate package python3-pip module pygame has no member Module 'cv2' has no 'imread' member python class typeerror module() takes at most 2 arguments (3 given) ValueError: Failed to convert a NumPy array to a Tensor (Unsupported object type float). error urllib request no attribute Module 'torch' has no 'stack' memberpylint(no-member) 'flask' is not recognized as an internal or external command, operable program or batch file. AttributeError: module 'tensorflow' has no attribute 'Session' site:stackoverflow.com ValueError: Cannot specify ',' with 's'. disable DevTools listening on ws://127.0.0.1 python python print error traceback jupyter notebook no password or token pip install torch error ImportError: No module named django.core.wsgi LookupError: unknown encoding: idna python if __name__ == '__main__' python requests.get pdf An appropriate representation of the requested resource could not be found pycache in gitignore ssl unverified certificate python import requests, sys, urllib, reImportError: No module named requests No module named 'arabic_reshaper' src/_portaudiomodule.c:29:10: fatal error: 'portaudio.h' file not found ModuleNotFoundError: No module named 'slugify' RuntimeError: error in LoadLibraryA Can't find model 'en_core_web_sm'. It doesn't seem to be a shortcut link, a Python package or a valid path to a data directory. ImportError: Couldn django.db.utils.OperationalError: (1045, "Access denied for user 'root'@'localhost' (using password: YES)") pipenv remove environment django gunicorn static file not found fatal error detected failed to execute script cannot import name 'abc' from 'bson.py3compat' jinja len is undefined name 'glob' is not defined sqlite operational error no such column spress warnings selenium python CMake Error at 3rdparty/GLFW/CMakeLists.txt:236 (message): The RandR headers were not found main.pas(1,18) Fatal: Syntax error, ";" expected but "identifier UTILIZADO" found python remove non empty read only directory flask error f = open(f'{getcwd()}/haikus/{haiku}',"r") ^ SyntaxError: invalid syntax render_template not showing images erreur install pyaudio python namespace packages Le module SIP n'a pas pu être chargé. Le support Python va être désactivé. ubbuntu 20.04 snowflake python connector error handling selenium.common.exceptions.SessionNotCreatedException: Message: session not created: This version of ChromeDriver only supports Chrome version 81 module 'cv2.cv2' has no attribute 'imWrite' The authorization mechanism you have provided is not supported. Please use AWS4-HMAC-SHA256 pylint: disable=unused-argument FileNotFoundError: [Errno 2] No such file or directory: 'E:\\Work\\Geeky_B\\NWIS_DEMO\\dist\\ttest_spacy\\thinc\\neural\\_custom_kernels.cu' [1192] Failed to execute script ttest_spacy + pyinstaller subprocess the system cannot find the file specified 'DIRS': [os.path.join(BASE_DIR,'template')], pytho narrondir un nombre AttributeError: module 'urllib' has no attribute 'URLopener' The following packages have unmet dependencies: libnode72 : Conflicts: nodejs-legacy E: Broken packages cv2 not found appdata/local/microsoft/windowsapps/python: permission denied python error: command 'x86_64-linux-gnu-gcc' failed with exit status 1 TypeError: takes 0 positional arguments but 1 was given python Could not connect to Redis at 127.0.0.1:6379: Connection refused ValueError: There may be at most 1 Subject headers in a message module subprocess has no attribute popen pycharm remove not in use imports dirs' base_dir / 'templates' error ImportError: cannot import name 'TFAutoModel' from 'transformers' NameError: name 'os' is not defined django argparse required arguments typeerror 'in string ' requires string as left operand not re.match poetry take the dependencies from requirement.txt pytest-xdist AttributeError: module 'os' has no attribute 'PathLike' mysql.connector.errors.NotSupportedError: Authentication plugin 'caching_sha2_password' is not supported python urlgen error login() got an unexpected keyword argument 'template_name' django keyerror: 'OUTPUT_PATH' conda env FeatureNotFound: Couldn't find a tree builder with the features you requested: lxml. Do you need to install a parser library? zerodivisionerror python from .cv2 import * ImportError: /home/pi/.local/lib/python3.7/site-packages/cv2/cv2.cpython-37m-arm-linux-gnueabihf.so: undefined symbol: __atomic_fetch_add_8 failed to execute script SystemError: <class 'cv2.CascadeClassifier'> returned a result with an error set cannot import name 'cross_validation' from 'sklearn' media pipe install ERROR: Could not find a version that satisfies the requirement mediapipe (from versions: none) django forbidden (csrf cookie not set.) selenium.common.exceptions.ElementNotInteractableException: Message: element not interactable ls.ProgrammingError: permission denied for table django_migrations vscode not recognizing python import django.core.exceptions.ImproperlyConfigured: WSGI application 'souroSANOU.wsgi.application' could not be loaded; Error importing module. how call module in the same directory from distutils.util import strtobool ModuleNotFoundError: No module named 'distutils.util' python ModuleNotFoundError CSRF verification failed. Request aborted. git bash permission denied python AttributeError: 'builtin_function_or_method' object has no attribute 'randrange' USB: usb_device_handle_win.cc:1049 Failed to read descriptor from node connection: A device attached to the system is not functioning. (0x1F) webbrowser python could not locate runnable browser 'set' object is not reversible pytesseract configs module 'pygame' has no 'init' member AttributeError: module 'django.contrib.auth.views' has no attribute 'login' install quick-mailer python webdriver element not interactable winerror 5 access is denied pip python context manager example python __debug__ ImportError: Couldn't import Django. Are you sure it's installed and available on your PYTHONPATH environment variable? Did you forget to activate a virtual environment? ImportError: cannot import name 'FieldDoesNotExist' from 'django.db.models.fields' (C:\Users\Admin\AppData\Local\Programs\Python\Python39\lib\site-packages\django\db\models\fields\__init__.py) error handling Pyhtin TypeError: unsupported operand type(s) for +=: 'IntVar' and 'int' rest_framework import-error AttributeError: module 'tkinter' has no attribute 'x' list object is not callable PYTHON INSTALL DIR = os.path.dirname(os.path.dirname(os.__file__)) AttributeError: module 'os' has no attribute '_file_' npm ERR! gyp ERR! stack Error: Can't find Python executable "python", you can set the PYTHON env variable. No module named 'mpl_toolkits.basemap' ImportError: No module named _tkinter, please install the python-tk package stopiteration error python python how to fix unexpected token NameError: name 'request' is not defined Python CSV Has No Attribute 'Writer urllib.error.HTTPError: HTTP Error 403: Forbidden python os.path.isdir exception bash: yarn: command not found TypeError: sequence item 0: expected str instance, int found cannot be loaded because running scripts is disabled on this system cprofile usage python sys.executable google calendar Request had insufficient authentication scopes. python hashlib.sha512() if__name__== '__main__': rsync ignore existing python was not found; run without arguments to install from the microsoft store, or disable this shortcut from settings > manage app execution aliases. attributeerror: No module named 'matplotlib' python no module named python suppress warnings in function app is not a registered namespace django IndentationError: unindent does not match any outer indentation level ImportError: No module named flask what is a ython instance force garbage collection in python python 3.9 ModuleNotFoundError: No module named 'distutils.sysconfig' <built-in function imshow> returned NULL without setting an error conda create environment from file filenotfound conda install ffmpeg ignoring warnings TypeError: a bytes-like object is required, not 'str' Module "django.contrib.auth.hashers" does not define a "BcryptPasswordHasher" attribute/class mysql config not found Traceback (most recent call last): File "/usr/bin/pip", line 9, in <module> from pip import main ModuleNotFoundError: No module named python GOOGLE_APPLICATION_CREDENTIALS AttributeError: 'str' object has no attribute 'remove' python assertion error json python no whitespace heroku requirements.txt python IndentationError: unexpected indent cannot import name 'httpresponse' from 'django.http' ModuleNotFoundError: No module named 'textract' How to fix snap "pycharm-community" has "install-snap" change in progress ImportError: /usr/local/lib/python3.7/dist-packages/cv2/cv2.cpython-37m-arm-linux-gnueabihf.so: undefined symbol: __atomic_fetch_add_8 nzec error in python error command errored out with exit status 1 face_recognition vscode pylint missing module docstring import authenticate No default language could be detected for django app os is not defined python unboundlocalerror local variable referenced before assignment python AttributeError: 'NoneType' object has no attribute 'dropna' recognition request failed: forbidden pyaudio Error tokenizing data. C error: Calling read(nbytes) on source failed. Try engine='python'. OSError: [Errno 98] Address already in use app = Flask(_name_) NameError: name '_name_' is not defined TypeError: 'method' object is not subscriptable In file included from psycopg/psycopgmodule.c:28:./psycopg/psycopg.h:35:10: fatal error: Python.h: No such file or directory35 | #include <Python.h>|
^~~~~~~~~~compilation terminated. 'charmap' codec can't decode byte 0x98 in position 11354: character maps to <undefined> not builtin_function_or_method python generate requirements.txt argparse multiple arguments as list django.core.exceptions.FieldError: 'date' cannot be specified for Forum model form as it is a non-editable field python missing 1 required positional argument: python file open try except error module 'tensorflow' has no attribute 'InteractiveSession' python webdriver disable logs on_member_join not working attributeerror: 'str' object has no attribute 'decode' pip error could not find a version that satisfies the requirement 'DIRS': [os.path.join(BASE_DIR, 'templates')], json to argparse NameError: name 'views' is not defined python remove directory not empty mongodb not in os.mkdir exceptions unable to import wx python 3 except sys error info python unresolved import vscode pytest run only failed test No module named 'bootstrap4' django ImportError: cannot import name ABC _getfullpathname: path should be string, bytes or os.PathLike, not list No module named 'selenium.webdriver.common.action_chain' KeyError: "['Discount'] not found in axis" 'numpy.float64' object has no attribute 'isnull' Fatal error in launcher: Unable to create process using '"' object_detection module not found takes 1 positional argument but 2 were given python import skbuild ModuleNotFoundError: No module named 'skbuild' ValueError: invalid literal for int() with base 10: site:stackoverflow.com couldn't import django. are you sure it's installed and available on your pythonpath environment variable? did you forget to activate a virtual environment? selenium how to handle element not found python turn off warnings No module named 'filterpy' django TypeError: __init__() got an unexpected keyword argument 'attrs' install python package from git colab tuple' object has no attribute 'shape' opencv how to raise stopiteration python logging basicconfig stdout selenium.common.exceptions.ElementClickInterceptedException: Message: element click intercepted: No module named 'mysite' Use module Crypto.Cipher.PKCS1_OAEP instead how to fix valueerror in python "jupyter (notebook OR lab)" ipynb "not trusted" python Cannot uninstall 'PyYAML'. It is a distutils installed project and thus we cannot accurately determine which files belong t o it which would lead to only a partial uninstall when trying to install chatterbot or chatterbot_corpus ImportError: cannot import name 'StringIO' twisted.python.failure.Failure twisted.internet.error.ConnectionLost: Connection to the other side was lost in a non-clean fashion.> scrapy 'jupyter' is not recognized as an internal or external command, operable program or batch file. WARNING: pip is configured with locations that require TLS/SSL, however the ssl module in Python is not available. MovieWriter stderr: ffmpeg: error while loading shared libraries: libopenh264.so.5: cannot open shared object file: No such file or directory python check namespace has instance Could not build the ssl module! Python requires an OpenSSL 1.0.2 or 1.1 compatible libssl with X509_VERIFY_PARAM_set1_host(). LibreSSL 2.6.4 and earlier do not provide the necessary APIs, https://github.com/libressl-portable/portable/issues/381 argparse accept only few options No module named 'PyQt5.QtWebEngineWidgets' selenium.common.exceptions.TimeoutException: Message: from logging import logger oserror: invalid cross-device link conda auto activate base false ImportError: No module named pandas SyntaxError: unexpected EOF while parsing dockerfile example modulenotfounderror no module named 'config' python UnavailableInvalidChannel error in conda ImportError: cannot import name include unexpected eof while parsing python glob subdirectories django.core.exceptions.ImproperlyConfigured: Application labels aren't unique, duplicates: auth use argparse to call function and use argument in function unittest python how set test failed ModuleNotFoundError: No module named 'thread' No name 'QMessageBox' in module 'PyQt5.QtWidgets' flask exception handler .gitignore cannot find opera binary selenium python re module documentation AttributeError: 'psycopg2.extensions.Column' object has no attribute '_asdict' lib torrent error colab journalctl not showing all python prints selenium chrome options suppress warnings python ModuleNotFoundError: No module named 'html5lib' torch distributed address already in use subprocess the system cannot find the file specifie how to return a missing element in python how to install package offline Undefined variable: 'EmailMessage' IN DJANGO typeerror: cannot concatenate object of type '<class 'method'>'; only series and dataframe objs are valid browser = webdriver.firefox() error python raise error exit Failed to build wxPython tensorflow io check file exist Error: PythonPipBuilder:ResolveDependencies - {numpy==1.20.3(wheel)} hide verbose in pip install TypeError: 'frozenset' object is not callable logging store info to different files python disable warning deprecated TypeError: 'list' object is not callable Error: The file/path provided (flaskr) does not appear to exist. Please verify the path is correct. If app is not on PYTHONPATH, ensure the extension is .py [ WARN:0] global C:\Users\appveyor\AppData\Local\Temp\1\pip-req-build-wwma2wne\o pencv\modules\videoio\src\cap_msmf.cpp (677) CvCapture_MSMF::initStream Failed t o set mediaType (stream 0, (640x480 @ 30) MFVideoFormat_RGB24(codec not found) ModuleNotFoundError: No module named 'click' Visual Studio Code doesn't stop on Python breakpoint debug python wifi moudel [WinError 2] The system cannot find the file specified mysql Unread result found how to log errors while debug is false in django No module named 'ann_visualizer' stackoverflow: install old version of networkx from django.core.management import execute_from_command_line ImportError: No module named django.core.management pytest --clrear cache Timestamp' object has no attribute 'isnull Traceback (most recent call last): File "main.py", line 3, in <module> y = eval((x**3+2*x)/(x**4+3(x**2)+1)) TypeError: 'int' object is not callable how to install ffmpeg python heroku ModuleNotFoundError: No module named 'Cython' python raise filenotfounderror global /tmp/pip-req-build-civioau0/opencv/modules/videoio/src/cap_v4l.cpp (587) autosetup_capture_mode_v4l2 VIDEOIO(V4L2:/dev/video0): device is busy jinja macro import flask form errors nameerror name 'defaultdict' is not defined Error: Command '['/home/jonas/twitchslam/env/bin/python3.6', '-Im', 'ensurepip', '--upgrade', '--default-pip']' returned non-zero exit status 1. module 'cv2.cv2' has no attribute 'videowriter' AttributeError: Can't pickle local object not null constraint failed django AttributeError: module 'string' has no attribute 'join' no module named googlesearch !.gitignore the requested resource was not found on this server. django request.args.get check if defined you cannot alter to or from M2M fields, or add or remove through= on M2M fields) The Python 2 bindings for rpm are needed for this module. If you require Python 3 support use the `dnf` Ansible module instead.. The Python 2 yum module is needed for this module. If you require Python 3 support use the `dnf` Ansible module instead. pycharm import pandas pygame error font not initialized pycharm no module named pycharm module not found no python application found, check your startup logs for errors Import "flask" could not be resolved from source Pylance AttributeError: cannot assign module before Module.__init__() call 'djdt' is not a registered namespace takes 2 positional arguments but 3 were given ModuleNotFoundError: No module named 'pyvis' ModuleNotFoundError: No module named 'virtualenv.seed.via_app_data' typeerror: ERROR: Could not find a version that satisfies the requirement tensorflow== ERROR: No matching distribution found for tensorflow== PermissionError: [Errno 13] Permission denied on flask Unresolved reference 'django' python 'module' object is not callable FileNotFoundError: [Errno 2] No such file or directory: while os.mkdir*( Exception has occurred: NameError name 'self' is not defined RuntimeError: 1D target tensor expected, multi-target not supported site:stackoverflow.com pytest logcli to write to file TypeError: expected string or bytes-like object create_user() missing 1 required positional argument: 'username' make an assertionerror in python conda create new env httpretty pytest fixture AttributeError: 'tuple' object has no attribute 'name' 'NoneType' object has no attribute 'attname' index error in python TypeError: 'NoneType' object is not iterable Redirected but the response is missing a Location: header. testing logging python get_permissions how to deal with this in python AttributeError: 'int' object has no attribute 'counter' qt platform plugin could not be initialized stackoverflow TypeError: __init__(): incompatible constructor arguments. The following argument types are supported:
1. tensorflow.python._pywrap_file_io.BufferedInputStream(arg0: str, arg1: int) OSError: [WinError 123] The filename, directory name, or volume label syntax is incorrect: '<frozen importlib._bootstrap django.db.utils.DatabaseError: DatabaseWrapper objects created in a thread can only be used in that same thread. The object with alias 'default' was created in thread id 140423029811616 and this is thread id 140422957233632.. install kivyMD from git key error python python selenium not returning correct source couldn't open showimage no such file or directory python polyfit with errors Exception Value:	 no such table:
django NameError
Traceback (most recent call last) <ipython-input-36-28457fcc3f62> in <module> ----> 1 plt.bar(freqs.index, freqs.values, color = "green")
2 plt.show()
NameError: name 'freqs' is not defined File "demo_indentation_test.py", line 2 print("Five is greater than two!") ^ IndentationError: expected an indented block python NameError: name 'io' is not defined ImportError: cannot import name 'get_column_letter' openpyxl ! LaTeX Error: File `pgf{-}pie.sty' not found. print invalid syntax python grepper 'str' object has no attribute 'remove' args parser subcommand No module named 'django_hitcounter' from threading import thread ImportError: cannot import name 'thread' from 'threading' (/usr/lib/python3.7/threading.py) subprocess ffmpeg x265 codec python zip stackoverflow newtorkx remove node ./bootstrap command not found in dockerfile python 3.7 centos in _run_pip
import pip._internal zipimport.ZipImportError: can't decompress data; zlib not available make: *** [altinstall] Error 1 what if functionality not in the requirements name 'q' is not defined in jupyter notebook Missing required parameter in input: "Key" name 'typeText' is not defined python UserWarning: Using settings.DEBUG le ads to a memory
leak, never use this setting in production environments!
leak, never use this setting in production environments!''') Proj 4.9.0 must be installed. Python run module with and without "-m" option and import path setting mysql.connector.errors.InterfaceError: Failed executing the operation; Not all parameters were used in the SQL statement RuntimeError: You must setup() the GPIO channel first prog = {'Python':'C++', 'Java':['JavaScript', 'JSON', 'C++']'Python Console':('Lucy', 'Dad')} SyntaxError: invalid syntax docker opencv python libGL.so.1: cannot open shared object file: No such file or directory File "demo_indentation2_error.py", line 3 print("Five is greater than two!") ^ IndentationError: unexpected indent python Command '['latexmk', '--pdf', '--interaction=nonstopmode', % returned non-zero exit status 2. AttributeError: 'module' object has no attribute 'lru_cache' extra error how to fixvalue error in python dockerfile entrypoint python3 if user_answer==answer: ecpeted index erroe pythin fx python import module from bitbucket expo notification django sdk python decorator for error handling django BruteBuster error failed attempts RuntimeError: Error in qhull Delaunay triangulation calculation: singular input data (exitcode=2); use python verbose option (-v) to see original qhull error. ValueError: unknown is not supported in sklearn.RFECV attributeerror 'posixpath' object has no attribute 'startswith' AttributeError: 'Database' object has no attribute 'remove' All objects and constants needed to use the ldap3 library can be imported from the ldap3 namespace python [remote rejected] master -> master (pre-receive hook declined) gaierror at /members/register [Errno 11001] getaddrinfo failed FastAPI SyntaxError: non-default argument follows default argument Ansible playbook to set passwordless sudo FileNotFoundError: No such file or directory. yml anaconda ModuleNotFoundError: No module named 'App_Order' import pycocotools._mask as _mask error
Expected 80, got 88 Spacy en_core_web_sm error TypeError: 'LazyCorpusLoader' object is not callable TypeError: unsupported operand type(s) for +: 'dict' and 'dict' cannot import name 'ttk' from partially initialized module 'tkinter' (most likely due to a circular import) oauthlib python error reload is not defined python 3 str object not callable islink(node1 node2) is used for python "response is not accessed" pycharm django autocomplete not working python tkinter AttributeError: 'NoneType' object has no attribute 'insert' _rocketcore pypi json not readable python ArgumentParser(parent) W0622: Redefining built-in 'zip' (redefined-builtin) myhtmlparser object has no attribute pos python jetson nx unable to install matplotlib ** (ArgumentError) lists in Phoenix.HTML and templates may only contain integers representing bytes, binaries or other lists, got invalid entry: module not found after sucessful install ModuleNotFoundError: No module named 'playsound' typeerror 'nonetype' object is not callable paramiko python ImportError: cannot import name 'Thread' from partially initialized module 'threading' configparser error reading relative file path NameError: name 'CAP_PROP_FPS' is not defined docker-compose.yml for flask celery rabbitmq main() invalid syntax The requested URL was not found on this server. apache on django AttributeError: 'tuple' object has no attribute 'reshape' Use if a not trusted message will come up AttributeError: 'generator' object has no attribute 'next' twitter api ("Connection broken: Invalid Chunk Length(got length b'', 0 bytes read)" import settings AttributeError: module 'skimage' has no attribute 'segmentation' AttributeError: 'KerasRegressor' object has no attribute 'model' site:stackoverflow.com AttributeError: __enter__ To install a specific version, type the package name followed by the required version: An error occurred (NoSuchKey) when calling the GetObject operation: The specified key does not exist. attribute error python python django os error python ffmpeg.concat() many files NameError: name 'after_this_request' is not defined address already in use jupyter notebook not opening import numpy illegal instruction (core dumped) jetson nano write yaml file without deleting content AttributeError: type object 'User' has no attribute 'query' LINK : error LNK2001: unresolved external symbol PyInit___init__ sqlite3.OperationalError: near "AND": syntax error python Old Handler API is deprecated - see https://git.io/fxJuV for details prettify json in pycharm Forbidden (CSRF token missing or incorrect.): /extension/stripe-pay/ WARNING 2021-06-01 13:45:22,532 log 408 140165573588736 Forbidden (CSRF token missing or incorrect.): /extension/stripe-pay/ i type nano in python and o get error TypeError: '_TypedDict' object is not subscriptable ValueError: invalid PNG header [E053] Could not read config.cfg from C:\Users\hp\AppData\Local\Programs\Python\Python37\lib\site-packages\resume_parser\degree\model\config.cfg files and exceptions not working python Uninstalling/removing a package is very easy with pip: python is not set from command line or npm configuration node-gyp Invalid HTTP_HOST header: 'dtodo2.herokuapp.com'. You may need to add 'dtodo2.herokuapp.com' to ALLOWED_HOSTS. import arithmetic arranger could not be resolved python Gets an existing SparkSession or, if there is no existing one, creates a new nameerror name 'e' is not defined python AttributeError: module 'os' has no attribute 'startfile' pyqt5 qtwebenginewidgets not found TypeError: 'module' object is not callable playsound django allauth Reverse for 'password_reset_confirm' not found. 'password_reset_confirm' is not a valid view function or pattern name. TemplateSyntaxError cv2 assertion failed Azure Synapse Analytics failed to execute the JDBC query produced by the connector some problem occurred shows payubiz KeyError: 'ProfilePage' IntegerField' object has no attribute 'value_from_datadict can't open file 'sherlock.py' errno 2 no such file or directory python PyDrive service account credentials ApiError('d984ac0ae28d4afda0ddb26e348db535', UploadError('path', UploadWriteFailed(reason=WriteError('malformed_path', None), upload_session_id='AAAAAAAAACLukDh6ck8ZUw'))) python ModuleNotFoundError: No module named 'myapp' alembic aws lambda Unable to import module 'lambda_function': No module named 'requests' C:\Users\saverma2>notebook 'notebook' is not recognized as an internal or external command, operable program or batch file. Pandas AttributeError: 'NoneType' object has no attribute 'head response object has no code python pyinstler not found the following packages have unmet dependencies python3-tornado python email exception error "'S3' object has no attribute 'Bucket'", python boto3 aws DEPRECATION: The default format will switch to columns in the future. You can use --format=(legacy|columns) (or define a format=(legacy|columns) in your pip.conf under the [list] section) to disable this warning. django if self.pattern.name is not None and ":" in self.pattern.name: TypeError: argument of type 'function' is not iterable CMake Error at pybind11/tools/FindPythonLibsNew.cmake:131 (message): Python config failure: python setuptools cythonize except one file RuntimeError: Please set pin numbering mode using GPIO.setmode(GPIO.BOARD) or GPIO.setmode(GPIO.BCM) python returned non-zero exit status 1. how to fix invalid salt in python flask sphinx could not understand audio speech recognition windows path object has no attribute encode python pydrive list shared folder ValueError: Invalid model reference 'user_auth.models.User'. String model references must be of the form 'app_label.ModelName'. urllib.error.HTTPError: HTTP Error 502 docker redis python warn vs warning is Cross policy an issue with puppeteer / headless chrome? python permission denied on mac AttributeError: module 'copy' has no attribute 'deepcopy' TypeError: _locateAll_python() got an unexpected keyword argument 'confidence' cryptography
'openssl/opensslv.h' file not found TypeError: __str__ returned non-string (type instance) SyntaxError: Non-ASCII character '\xe2' in file /root/Downloads/la_southwest_college/handy/accountDetails.py on line 116, but no encoding declared; see http://python.org/dev/peps/pep-0263/ for details travis ci .yml for python tkmessagebox not found missing 1 required positional argument: 'context' addDataToExp() psychopy how to run ewa requirement.txt file use argparse that read in file usernames python script confirm_allocation() takes 1 positional argument but 2 were given failed to load resource: the server responded with a status of 502 (bad gateway) fatal error: Python.h: No such file or directory 45 | #include <Python.h> | ^~~~~~~~~~ compilation terminated. error: command 'gcc' failed with exit status 1 float error python c4d python ReferenceError: could not find 'main' in tag 'Null' no module named 'pygame' visual studio runtime errors in python File "datatype.py", line 6 type(Hello World) ^ SyntaxError: invalid syntax python generate openssl signing request runtime error TypeError at /admin/auth/user/ gdal user with anaconda asyncio.run() cannot be called from a running event loop from jupyterlab emr cluster step error ModuleNotFoundError: No module named 'torch' how_color() missing 1 required positional argument: 'color' multiprocessing map os.name == 'nt' Cannot assign "<SimpleLazyObject: <django.contrib.auth.models.AnonymousUser object at 0x7f887abd9910>>": "Comment.username" must be a "User" instance. user_info = user_info.save(commit=False) ValueError: Cannot assign id must be an instance error python [Errno 13] Permission denied mkdir cheatsheet cannot set `other` if drop=True tensorboard 2.1.0 has requirement grpcio>=1.24.3, but you'll have grpcio 1.15.0 which is incompatible Use VSCode Variable Explorer (or equivalent) to display all of the local variables in python The module in NAME could not be imported: django.contrib.user_auth.password_validation.UserAttributeSimilarityValidator. Check your AUTH_PASSWORD_VALI TypeError: unsupported operand type(s) for +: 'Fraction' and 'Fraction' Invalid Python Environment: Python is unable to find Maya's Python modules python argparse ignore unrecognized arguments pylint no name in module opencv python Project1/main.py", line 3, in <module> import cv2 cannot be loaded as Python module python ssl module is not available ansible vagrant plugin python coule nod import the module virtualenvwrapper.hook_loader tensorflow.python.framework.errors_impl.NotFoundError: Failed to create a directory: checkpoints/export\Servo\temp-b'1604693559'; No such file or directory Check if file already existing python disable logging on unittest telepot raise KeyError('No suggested keys %s in %s' % (str(keys), str(d))) import open3d Illegal instruction (core dumped) erreude code Can't open /dev/mem: Permission denied Traceback (most recent call last): System.Windows.Forms.DataGridView.CurrentRow.get returned null.
c# How to install packages offline? Ask Question pd is not defined python error RuntimeError: input must have 3 dimensions, got 4 site:stackoverflow.com find the error python Traceback (most recent call last): File "exploit.py", line 63, in <module> choice = menu() File "exploit.py", line 60, in menu return int(choice) ValueError: invalid literal for int() with base 10: '' multigreading sys.exit does not work AttributeError: 'NoneType' object has no attribute 'format' AttributeError: module 'yaml' has no attribute 'load_all' django - OSError at /password-reset/ [Errno 101] Network is unreachable after pointing domain to cloudflare TypeError: __init__() missing 1 required positional argument: 'denom' in unit testing python site:stackoverflow.com [ WARN:0] global C:\Users\appveyor\AppData\Local\Temp\1\pip-req-build-nxx381if\opencv\modules\videoio\src\cap_msmf.cpp (435) `anonymous-namespace' is there a gif package for python pyttsx3 NameError: name 'voices' is not defined python detect warning How do i fix a NameError: name 'quiet' is not defined in python récupérer l'extension d'un fichier en python Unknown command: "'migrate\r'". Did you mean migrate? python mongodump create dockerfile RecursionError: maximum recursion depth exceeded while calling a Python object what is add.gitignore python raise indexError PermissionError: [WinError 32] The process cannot access the file because it is being used by another process: import login required 6.2.2.4 packet tracer [WinError 2] The system cannot find the file specified pyflakes invalid syntax invalid syntax AttributeError: 'list' object has no attribute 'dtypes' unindent does not match any outer indentation level (<unknown>, line 26)pylint(syntax-error) sqlite3.ProgrammingError: Incorrect number of bindings supplied. The current statement uses 1, and there are 7 supplied. recursionerror maximum recursion depth exceeded while calling a python object in django how to fix takes 0 positional arguments but 2 were given tensorflow.python.framework.errors_impl.unknownerror: failed to get convolution algorithm. this is probably because cudnn failed to initialize, so try looking to see if a warning log message was printed above. AttributeError How do I ignore an error in Python? re is not defined TypeError: cannot unpack non-iterable float object evaluate AttributeError: 'FacetGrid' object has no attribute 'suptitle' importerror: cannot import name builtins.TypeError TypeError: 'dict' object is not callable The view function did not return a valid response. The return type must be a string, tuple, Response instance, or WSGI callable, but it was a dict. find the error and rectify it.(python except Small_ValueError: print("You Entered small number,please try again") except Large_ValueError: print("You Entered large number,please try again") print("You Entered correct number!! in ",count,"Attempts") File "<ipython-input-42-0159e122a720>", line 2 def checkpoint model(trainer) ^
SyntaxError: invalid syntax site:stackoverflow.com The current Numpy installation fails to pass a sanity check due to a bug in the windows runtime. required depend filed odoo ValueError: Invalid format specifier The module in NAME could not be imported: django.contrhtmlib.auth.password_validation.UserAttributeSimilarityValidator. Check your AUTH_PASSWORD_VALIDATORS setting. In is_lodes_form( : Missing id-axis pairings. AttributeError: 'Engine' object has no attribute 'runandwait' python check stl file for errors in pyvista "status": 400, "message": "The string was not recognized as a valid DateTime sys executable juypter is incorrect visual code ImportError: cannot import name 'run_evaluation' from 'rasa_nlu.evaluate' (c:\users\gwinivac\.conda\envs\chatboty\lib\site-packages\rasa_nlu\evaluate.py) RuntimeError: cannot open featureclass in python eror api/kernelsUntitled.ipynb?kernel_name=python3 keylogger to exe TypeError: attrib() got an unexpected keyword argument 'convert' Checking Availability of user inputted File name fix all errors in grammarly at once add_signal_handler emacs pipenv not working \n appears in json dump bash: line 1: templates/addtask.html: No such file or directory in flask app python hello world change background color of tkinter sleep function python how to save matplotlib figure to png src/_portaudiomodule.c:29:10: fatal error: 'portaudio.h' file not found python loop through list python iterate through dictionary python text fromatting rows how to import matplotlib in python print multiple lines python how to get the remainder in python python add one python f string how to check if there are duplicates in a list python if list item in string python how to execute bash commands in python script python initialize multidimensional list how to check django version sorting python array python how to align text writen to a file scrapy itemloader example discord bot slash how to use startswith() with list django psql setup Detect Word Then Send Message (discord.py) python scipy.stats.t.ppf how to replace first line of a textfile python ValueError: I/O operation on closed file. how to send a message in a specific channel discord.py Young C so new(pro.cashmoneyap x nazz music) soundcloud python split string python classes python if else python write to file python remove element from list python random python list to string python iterate dictionary key value python virtual environment python list install opencv python try except python python string to int python read json file lambda python enumerate in python python date and time get index of list python drop a column pandas how to add a column to a pandas df random number python python sort list code how pandas save csv file csv python write virtual env create python api in python python check if file exists python project ideas python loops python date format python read file line by line python zip function pycharm how to upgrade pip round python python pip install matplotlib python list length python dictionary methods add something to list python pandas remove duplicates python do while python pandas drop pandas read csv python if statement python to exe how to check python version update tensorflow pip python lowercase python find index by value python string methods python beginner practice problems python add to list for loop python list methods python python dict class how do i sort list in python reverse list python python last element in list request post python datetime python add new keys to a dictionary python how to split a string by character in python bytes to string python python datetime now pandas loop through rows python loop through list ubuntu install python python delete key from dict python replace char in string convert string to list python int to string python python iterate through dictionary how to make a class in python python matplotlib how to import discord in python bot discord python how to read a csv file in python using pandas reset index pandas queue python df.drop pandas unique values in column open text file in python execute command in python script python pyautogui save pandas into csv dataframe create sleep function python python get date and time 'utf-8' codec can't decode byte 0x85 in position 715: invalid start byte exception pyton print python insert pd.to_datetime python python beginner projects simple flask app convert into date python python create directory sleep in py py sleep function selenium python open file python how to calculate the sum of a list in python python read file django admin create superuser threading python reset_index pandas json to csv python how to plot a graph using matplotlib scikit learn linear regression read csv python python filter python current date python for loop range python make txt file python convert string to lowercase python csv reader list to dict python string to float python threading python example python get square root python string to datetime how can I sort a dictionary in python according to its values? add rows to dataframe pandas delete a row in pandas dataframe python substring export a dataframe to excel pandas pillow python convert dataframe to numpy array iterate over rows dataframe rename columns pandas create csv file python python delete file df sort values string to date python python floor python append to file mac os install python 3 python list .remove increase figure size in matplotlib python install pip python join list to string python list with only unique values if substring not in string python python get a substring of a string python assert python get command line arguments Write python program to take command line arguments (word count).
how to get length of string python delete certain characters from a string python send email python replacing values in pandas dataframe python string trim linux ubuntu install python 3.7 python pygame python print time reverse string in python December global holidays matplotlib legend subplots matplotlib save dataframe to csv python remove string from string drop if nan in column pandas how to define main in python pandas dataframe from dict replace column values pandas flask how to run app append to list python how to update pip python confusion matrix python join on column pandas python to uppercase email in python dotenv python python os remove file python list methods python print without newline python string contains substring how to make a python exe python try catch raise python throwing an exception python python find in list append element to an array python install pip in python static methods in python how to round a float in python enumerate python create a dataframe python python defaultdict python file reading delete file python python capitalize first letter python what does yield do round to two decimal places python python convert string to bytes python read csv file 'pip' is not recognized as an internal or external command, operable program or batch file. how to install python libraries python how to return unique entries in a list python datetime string how to print on the same line python pandas read excel how to make a python list install python in mac python sleep pandas read from excel scikit learn svm how to check the type of a variable in python sort a dataframe by a column valuepython python text to speech python square root matplotlib histogram how to start a django project one. line if statement. python python absolute value python for loop python print format create new django project train test split sklearn how to print error in try except python python post request sort dataframe by column python check key press decorator python install django rest framework python pip install matplotlib python main python 2 decimal places import python module from another directory pil python install json dump to file python debugger check tensorflow version print colored text python try catch in python how to write a while statement in python combining 2 dataframes pandas copy a list python python write datetime to string python python ascii run python file using python code self in python python save df to csv python new line get text from txt file python check package version python python loop through dictionary python requests header youtube.oc yotuube ytouube command to upgrade python version create a virtual environment python 3 except as Exception: how to wait in python system pause in python print no new line python declare class python python version how to make a comment python python iterate over list removing spaces in a string python python merge list into string UnicodeDecodeError: 'charmap' codec can't decode byte 0x9d in position 6148: character maps to <undefined> python plot python replace regex numpy merge arrays copy files python python randint how to change indeces in pandas dataframe python print python rename file python how to use input iterate through dictionary python copy file python continue python file handling python get filename from path gridsearchcv f string in python format time python create and use python classes check if string is empty python check type of variable python python lambda python find the key with max value python count characters in string getting time python python matplt decode base64 python SyntaxError: (unicode error) 'unicodeescape' codec can't decode bytes in position 15-16: truncated \UXXXXXXXX escape python input timestamp python try catch python python3 iterate through indexes python remove last character from string python shuffle list python async await how to print something in python drop columns pandas binary search in python python os if file exists change dataframe column type replace nan in pandas how to label column names and row names in pandas dataframe python how to rename columns in pandas dataframe how to install python3 in ubuntu python input integer python factorial python create virtualenv how to make a discord bot python httpresponse django pythagorean theorem python how to run a .exe through python create new thread python list files in directory python django runserver django-admin python access index in for loop python largest value in list python datetime from string django create app python open file python requirements.txt if else python pyautogui install python round up get wd in python use beautifulsoup find nan value in dataframe python how to check if datapoint is in pandas column timestamp to date python how to use virtual environment python python sort list in reverse python file open convert int to binary python create folder python one-line for loop python python bitwise operators python remove last characters from string python convert json to pandas dataframe lambda function in python print variable type python python get dictionary keys python get input convert list to array python size array python python list files in current directory count nan pandas take off character in python string install selenium python round to the nearest integer python python reverse string delete a value in list python how to install tkinter only keep rows of a dataframe based on a column value how to check if a number is odd python pip install specific version python choose random element from list python check if key is pressed python wait 1 sec python logging to file play music from python python startswith sorting by column in pandas Quick Sort python django make migrations how to import turtle in python rename column name pandas dataframe average value of list elements in python merge two dataframes based on column python comments python time delay selenium webdriver python pandas apply function to column how to randomly choose from a list python how to write csv from a dataframe pythin installing django Merge Sort python get list as input python hotkey pyautogui print new line python python generate uid install python on ubuntu python test is nan python remove duplicates from list append to front of list python datetime python timezone empty set python how to stop the program in python how to start a new django project urllib python how to create migrations in django numpy list to array sort dictionary by value python get request python for loop in python drop rows with condition pandas how to install pyaudio in python python type on keyboard how to reverse a string in python python square root function remove special characters from string python python if name == main example python multiline comment convert str to dict python pandas print column names while loop python python check if folder exists dropping nan in pandas dataframe pandas rename column write json pythonb python how to measure code run in time count values pandas odd or even python pandas to list how to run cmd line commands in python how to generate requirements.txt django python how to append to a list how do i convert a list to a string in python is int python logistic regression algorithm in python append a line to a text file python how to sort a dictionary by value in python files python csv split string by spaces python python exception list how to make an int into a string python UnicodeDecodeError: 'utf-8' codec can't decode byte 0xe7 in position 5: invalid continuation byte python delay get working directory python python delete key from dictionary python numpy array to list sort list of dictionaries by key python for in python remove element from list different ways to print a list in python sklearn random forest numpy linspace python create environment variable add item to list python delete element list python python install pil python is integer convert column in pandas to datetime declare numpy zeros matrix python main function python\ pandas list to df matplotlib plot clear screen python python list of random values taking input of array in python python3 webserver command line create dictionary comprehension python plot a histogram in python matplotlib get files in directory python discord py get user by id how to replace nan with 0 in pandas what is lambda in python python input function how to set datetime format in python square root in python how to get a row from a dataframe in python python local server command matplotlib line plot python removing \n from string read argument from terminal matplotlib set size add pip to path python arguments How to see how many times somting is in a list python python colours input in a list in python file exist python python exit program import matplotlib.pyplot as plt rename file python plt figsize mean of a column pandas convert to timestamp python convert dict to dataframe python time a funciton empty dataframe python get out of loop python string interpolation get environment variables python how to use speech recognition in python if type is string python how to find python version python find index of first matching element in a list load model keras python3 lowercase python write file factorial in python how to find no of times a elements in list python cv2.resize() remove item from list python python if __main__ determine if number is prime python
Browse Popular Code Answers by Language
SQL
sql update query sql insert query sql add column create table sql sql order by sql case when sql foreign key insert into mysql mysql create user create table in mysql mysql add foreign key sql select unique sql delete row create database mysql sql server delete column alter table delete column ERROR 1045 (28000): Access denied for user 'root'@'localhost' (using password: NO) update value postgresql mysql format date insert into select alter table add column postgresql list db mysql list databases mysql grant all privileges to a user mysql delete row update column sql server sql server convert string to date mysql auto increment install postgresql ubuntu sql server substringShell/Bash
delete local branch create remore git branch install node js ubuntu delete a branch in git install angular cli git add remote remove directory linux git command to create a branch how to install docker ubuntu git force pull delete local branch git git switch branch how to switch branch how to revert back to previous commit in git oh my zsh install deb file linux how to see ports in use install jupyter notebook git undo last commit install react bootstrap how to see all branches in git install latest npm how to uninstall npm packages git push to branch set up git repository delete branch git rename branch git git delete branch git discard local changes git rename branchSwift
swift for loop how to loop swift use timer swift create dictionary swift time formats swift swift generate random number create alert in swift show alert swiftui Split a String into an array in Swift convert string to int swift dart capitalize first letter of each word swift change navigation bar color display image from url swift swift get current time add navigation bar button swiftui set image width and height swiftui fnb swift code swift filter array swift hide navigation bar conert data to string swift swift loop through array center text swiftui swift append element to array ios swift convert int to string add top corner radius swift format decimal place swift give background color swiftui replace character in swift play sound swift stack overflow add buton border swiftJavascript
Javascript remove array item by value remove element from array javascript remove a particular element from array javascript removing item from array javascript array remove element javascript remove element from array js remove speific item from array array remove element js how do you remove a remove element from array in javascript Javascript Remove Element By Id Code Example parse integer javascript Javascript string to int string to number js javascript to integer string to int javascript javascript string to integer javascript convert string to number javascript parse a json string js json to object Javascript parse json string javascript json decode json parse string javascript parse json javascript json parse create react app javascript for loop how to convert string to int js js switch case javascript set and get cookie javascript get cookieVBA
excel vba find get last row in column vba for loop vba for next loop skip excel vba for next loop skip message box VBA regex numeric digits excel vba find last column excel date to string conversion vba range to array excel vba array vba array from worksheet data excel formula how to create strings containing double quotes xlvba double quotes in string literal xl vba double quotes in string literal excelvba declare global constant xl-vba declare global constant xlvba declare globals vba global vs public excel vba how to declare a global variable excel vba check cell not empty excel add leading zeros to existing values excel vba wait string to date vb excel vba how to check if a worksheet cell is empty xlvba function sheet exists excel vba test or check if sheet exists xl-vba function sheet exists xlvba check if sheet exists vba function sheet exists vb switch casePython
python split string python if else python write to file python remove element from list python list to string python iterate dictionary key value python virtual environment install opencv python try except python python string to int python read json file enumerate in python python date and time get index of list python how to add a column to a pandas df random number python python sort list drop a column pandas code how pandas save csv file csv python write python check if file exists api in python python project ideas virtual env create python python date format python read file line by line python zip function python pip install python dictionary methods python list lengthR
bootstrap cdn link read csv in r r install package r for loop simple data frame in R read csv file in r r remove na from dataset how to do linear regression in r r remove row dataframe how to import csv file in r r write to csv r replace na with 0 how to read excel file in r r create a vector fuction in r print in r r combine strings write to csv in r how to change column names in r r language legend parameters write csv in r r read file rep in r r set dataframe column names normalization in r r create a list drop na in R rename column in r read xlsx in r r data typesRuby
how create migration rails ruby for loop ruby each do method ruby each with index how to add column to table rails how to delete a table in rails ruby array has element change column rails example rails kill server comment in ruby how to check ruby version how to I change the name of a column in rails uruby to lower case A Ruby write to file example Add references rails migration how to remove columns from rails how to add to an array ruby ruby find in array if string contain
string ruby default value rails migration ruby replace certain character get size of array in ruby ruby each array string interpolation ruby append array in ruby drop rails all db rails remove column from model ruby get current datetime heroku restart rails server rails link_to classRust
hello world rust for loops in rust rust convertinging string to int how to make an array in rust rust match string read file rust rustlang error: linker `link.exe` not found how to index a string in rust range in rust rust get command line arguments how to read from stdin rust array as a parameter rust how to concatenate two &str in rust if let some rust how to split a string by spaces rust casting in rust rust get current directory rust printing string on stdout how to create a window in rust lang display trait rust how to convert int to float in rust rust non derived debug trait example check if a file exists rust rust replace characters rust trait inheritance rust random number in range rust lang sleep rust reverse range rust impl display rustlang try fromPHP
php append to array php format date php check if string contains word php string contains substring php string to int php parse json php length of array php split string php sql insert php get current date and time php try catch laravel clear cache laravel run seed php loop through array count array php Allowed memory size of 1610612736 bytes exhausted in array php php connect to mysql php array length php sql connection php json encode query sql in php php array to string array_search in php php date now php for loop phhp for loop php delete array item by value not key common array methods php php delete element by valueJava
int to string java java scanner stack overflow java random number java array declaration How to split a string in Java sort array java java string to int string to int java how to get a user input in java java split string convert string to int java java how to get current date array in java scanner in java how to create an array in java how to take input in java java string to char array convert char to string java list in java .length array java java convert String to int java parse ineger java read from file writing to a file in java length of string java java how to print an array string replace java java data types java check if string is number java check for string lengthHtml
bootstrap text color bootstarp btn colors radio buttons html HTML button onclick html drop down list how to link css to html bootstrap login form html navigation bar html input types commenting in html html form checkbox bootstrap 4 dropdown html input textarea http status codes bootstrap border color bootstrap 4 center div html background image html select list new line html create a dropdown in html bootstrap bootstrap select box how to use the label tag in html html center button include script in html bootstrap align right video tag html html a href bootstrap display none import js in html html font sizeC++
change int to string cpp getline in c++ c++ get length of array range of long long in c++ length of string c++ how to sort a vector in c++ convert stirng to int c++ how to reverse a string in c++ string to int c++ c++ reverse string remove value from vector c++ array length c++ linkedlist implementation in c++ find vector in c++ c++ switch case statement remove element by index from vector c++ declaring 2d vector in c++ read a file c++ flutter datetime format convert entire string to lowercase c++ making random numbers in c++ c++ for loop input a string in c++ c++ template function string in cpp convert decimal to binary in c++ list conda environments random number in c++ how to declare a function in c++ how to sort an array c++CSS
css background image css media queries background color gradient css center a div in css css center image bootstrap btn classes Attack on titan css box shadow background image size css css align center link css with html css bold text css opacity example table border css linear gradient css css flex center background image css css rounded corners box shadow css font size css hide scrollbar css css style placeholder media query css image cover css image size css justify content css text shadow css position sticky css css align items vertical center css media queryTypeScript
angular navigate using component check if dict key exists python How to download windows 10 ISO React with Typescript how to see all commits in git comments in css angular date pipe how to check whether file exists in python how to check list of open ports in linux how to print array elements in java for loop typescript cannot be loaded because running scripts is disabled on this system Can't bind to 'formGroup' since it isn't a known property of 'form install typescript using npm use google fonts in css angular number pipe see what ports are in use typescript remove object from array looping through two lists python voting results 2020 live google fonts roboto font awesome angular python requests get proxy How to Reload a Component in Angular typescript optional parameters mat-form-field must contain a MatFormFieldControl append to lists python create react app with typescript config get arguments from url flask react children typescriptC#
c sharp split string c# switct case foreach syntax c# c# get set c# date formats custom string to int c# c# two dimensional array c sharp substring c# string to datetime try catch c# csharp datetime string format how to make a for loop in c# c# how to convert string to int c sharp string replace regex in c# c# initialize array c# user input c sharp int to string c sharp how to read a text file c# create array asp.net c# write string to text file c# length of array c# throw new exception population of the world c sharp string interpolation movement script c# .sh script: check if file exist how to rotate object unity c sharp tryparse for loop c#Kotlin
for loop kotlin coroutines kotlin android dependency toast in kotlin make array list kotlin setOnClickListener example kotlin kotlin static method user input in kotlin make hashmap kotlin intent kotlin example how to write hello world in kotlin Kotlin round double string 2d array in kotlin kotlin add element to array what is difference between val and var kotlin comments in kotlin kotlin remove name from an activity how to declare string array in kotlin kotlin list add implement spinner in android kotlin Cannot inline bytecode built with JVM target 1.8 into bytecode that is being built with JVM target 1.6. Please specify proper '-jvm-target' option on click in kotlin android recyclerview scroll to bottom android custom AlertDialog theme how to call a function after delay in kotlin android android disable landscape mode kotlin not configured android studio create empty array in kotlin kotlin mutable list implementation random string generator kotlin kotlin in how to set without findviewbyidC
struct in C size of an array c for loop c ModuleNotFoundError: No module named 'cv2' string to int c read files in c c int to string write in file in c switch statement in c c concatenate strings for loop in c string length c merge sort in c latex font sizes c bubble sort fahrenheit to celsius formula c data types switch case c visual studio code fibonacci series using recursion enum in c c user input how to run a update comand in linux factorial of a given number in c typedef in c fibonacci series in c bool in c how to print in c boolean in c how to print int in cLua
lua for loop where can i learn lua where do lua tables start loop true childs roblox lua how to make a loop lua while loops lua add table to value lua click detection roblox on touch script length of table lua block commenting lua wait function lua while in lua Lua array add item lua in pairs repeating loop roblox lua How to remove index from table lua not equal print table lua how to get a random number in lua lua string to number roblox check if player has gamepass lua loop through table lua variable types lua round number sleep function lua break in lua Roblox Studio TweenService Example in lua 2020 lua for each in table how to execute scripts when a button gui is pressed robloxMatlab
ModuleNotFoundError: No module named 'tkinter' to detect if a data frame has nan values matlab matrix zeros matlab zero vector matlab matrix index matlab matrix size find location of max value in array matlab zsh corrupt history file matlab length of array No module named 'imblearn' break loop for matlab matlab read image num to string matlab wait time matlab matlab clear plot fprintf in directory matlab multiple of value matlab if directory exist matlab save mat file script in matlab directory diff(x) matrix matlab matlab time function mean without nan matlab eval matlab variable name matlab read audio isnull in matlab matlab unix time to datetime Unrecognized function or variable 'matlab.internal.addons.updates.file exchange addon.getType FromPackageInfoUrl'. wait until job matlab load value inside job matlab nan size matlabDart
Flutter turn string to int flutter push route flutter image asset how to show snackbar in flutter flutter list tile how to use hexadecimal color in flutter color() in flutter flutter container rounded corners timer in flutter flutter get current date rounded raisedbutton in flutter switch case in dart how to add padding flutter loop in dart dart card outline container flutter border radius flutter button border radius how to create a toast in flutter generate random int dart declaring and initializing a list in dart text fieldform color flutter toast in flutter New Year's Eve tabs flutter example dart random number text overflow ellipsis flutter text in column flutter overflow ellipsis not working conditionalstatement in widget flutter flutter container margin flutter center rowGo
mongo console find by id throw new TypeError('Router.use() requires a middleware function but got a ' + gettype(fn)) drop mongo database signIn google firebase flutter golang convert int to string connect google drive to colab drop a collection in mongodb google forms answers golang string split golang convert string to int go add to slice set up google analytics make image go to center of page how to see number of words in google docs mongodb export entire database golang convert string to int64 initialize map in golang google cloudb pricing golang array syntax Failed to execute goal org.apache.maven.plugins:maven-surefire-plugin:2.20.1:test (default-test) on project upload drop mongodb database cross out google docs csgo jump throw bind go string to byte array how to stop google colab from disconnecting mongo db show datbae unzip a file in google colab go for loop how to search google how to delete google projectBASIC
Microsoft Flight Simulator. how to send basic auth using fetch basic latex document visual basic how to declare a variable vb string to int32 how to open d drive using conda prompt add combobox in datagridview vb.net visual basic script msgbox how to add basic authentication on haproxy backend server mid visual basic function itextsharp landscape a4 Custom exception visual basic shortcut to rename the file on lenovo s340 Delete all data in neo4j removing illlegal char from filename How to configure cryptodredge docker-compose.yml reusable variablesAssembly
the answer to life the universe and everything hello world in assembly using shape property in flutter for circular corner appending a vector in vector boku ni pico start learning assembly MOD OPERATOR for register in arm assembly array month name hello world x64 assembly cancel shutdown timer No assembly found containing an OwinStartupAttribute. array days of the week Arm assembly fibonacci dot net core 3.1 The type or namespace name 'TestClassAttribute' could not be found (are you missing a using directive or an assembly reference?) matlab machine epsilon program in assembly language to find even numbers from 1 to 10Perl
perl for loop perl print array perl get date perl array loop perl set date perl print hash perl string length perl set a specific datetime perl http request perl replace substring perl datetime formatting perl last characters perl hash size perl get first characters perl validate integer perl validate id numberDelphi
groblersdal to middelburg How to read text files in delphi for loop delphi delphi read file get current date delphi Delphi how copy works delete in delphi how to make message
in delphi Erro ao inserir invalid byte sequence for encoding “UTF8”: 0x00 delphi postgresql length of string in delphi criar procedure/function delphi atalho delphi keydown enter Multi thread delphi get last element of array delphi delphi asking for inpot via dialog boxObjective-C
get product image woocommerce xcode format code Error: EPERM: operation not permitted, mkdir 'C:\Users\SHUBHAM~KUNWAR' command not found: create-react-app uialertcontroller example objective c nstimer example objective c loop array objective c Error: EPERM: operation not permitted, mkdir 'C:\Users\Anubhab' command not found: create-react-app obj c write file worst programming language vc_map type number how to add undelete texts to textfield in ios obj c get point of intersection of 2 linesScala
ValueError: If using all scalar values, you must pass an index scala hello world how to add comment in scala comments in scala scala get the first element of a seq how to get the nth element in a list in scala scala get file from url as string scala last element in listHaskell
list comprehension haskell haskell multiline comment haskell get last element of list last element of list haskell string to list haskell hello world in haskell get first char from string haskellPascal
pascal online compiler comment in pascal comments in pascal producto de matrices pascalJulia
how to push an element to array in julia remove character from string julia julia dereference pointerGroovy
for loop groovy groovy wait time groovy implementation of the interfaceElixir
map merge elixir elixir random number elixir length of listFortran
fortran do while fortran int to string write integer value in name fortran 90ActionScript
visual studio code change terminal color TypeError: Cannot read property 'version' of undefinedClojure
clojure get list first item how to make a range clojureAbap
abap concatenate table abap loop exampleScheme
how to pass unction in scheme how to make a list in scheme
Browse Other Code Languages
Abap
ActionScript
Assembly
BASIC
C
Clojure
Cobol
C++
C#
CSS
Dart
Delphi
Elixir
Erlang
Fortran
F#
Go
Groovy
Haskell
Html
Java
Javascript
Julia
Kotlin
Lisp
Lua
Matlab
Objective-C
Pascal
Perl
PHP
PostScript
Prolog
Python
R
Ruby
Rust
Scala
Scheme
Shell/Bash
Smalltalk
SQL
Swift
TypeScript
VBA
WebAssembly
Whatever
Grepper
Features
Reviews
Code Answers
Search Code Snippets
Pricing
FAQ
Welcome
Browsers Supported
Grepper Teams
Documentation
Adding a Code Snippet
Viewing & Copying Snippets
Social
Twitter
Facebook
Legal
Privacy Policy
Terms
Contact
support@codegrepper.com
X
Register to vote on and add code examples. Join our developer community to improve your dev skills and code like a boss!
No Good?
Help us improve our code examples by registering to vote on and add answers. Join our developer community to improve your dev skills and code like a boss!
Continue with Google
By continuing, I agree that I have read and agree to Greppers's Terms of Service and Privacy Policy.
X
Grepper Account Login Required
Oops, You will need to install Grepper and log-in to perform this action.
Install Grepper Here