NameError: name 'nltk' is not defined Code Example
Follow
GREPPER
SEARCH SNIPPETS
FAQ
USAGE DOCS
INSTALL GREPPER
Log In
Signup
All Languages
>>
Whatever
>>
NameError: name 'nltk' is not defined
“NameError: name 'nltk' is not defined” Code Answer
NameError: name 'ggt' is not defined
whatever by
Confused Cardinal
on
Apr 29 2020
Donate
Comment
0
It is quite clear in the error, the variable isn't defined
Add a Grepper Answer
Whatever answers related to “NameError: name 'nltk' is not defined”
$ not defined error 'Component' is not defined no-undef app = Flask(_name_) NameError: name '_name_' is not defined error message is not defined Exception has occurred: NameError name 'self' is not defined from sklearn.neural_network import MLPClassifier ModuleNotFoundError: No module named 'sklearn.neural_network'; 'sklearn' is not a package?q=NameError: name 'mlp' is not defined jquery is not defined error in wordpress name 'cm' is not defined name 'PorterStemmer' is not defined name 'q' is not defined in jupyter notebook nameerror name 'defaultdict' is not defined nameerror name 'e' is not defined python nameerror name 'equalto' is not defined NameError: name 'App' is not defined NameError: name 'Fernet' is not defined NameError: name 'messagebox' is not defined NameError: name 'optim' is not defined NameError: name 'os' is not defined django NameError: name 'webdriver' is not defined NameError: name 'window' is not defined no module named 'nltk.metrics' pd is not defined python error python name not defined sqlalchemy nameerror name is not defined Uncaught ReferenceError: bookmarkBar is not defined wp is not defined
Whatever queries related to “NameError: name 'nltk' is not defined”
name 'sns' is not defined gamma glutamyl transferrase Gamma-Glutamyl Transferase (GGT) NameError: name 'List' is not defined NameError: name 'LSTM' is not defined NameError: name 'PIL' is not defined name sns is not defined name 'tf' is not defined name 'sin' is not defined name 're' is not defined NameError: name 'pip' is not defined NameError: name 'getal1' is not defined >>> NameError: name 'nltk' is not defined NameError: name 'math' is not defined NameError: name 'Hi' is not defined NameError: name 'data' is not defined extenal name not defined NameError: name 'lislog' is not defined NameError: name '_C' is not defined name is not defined NameError: name 'By' is not defined name is not defined python name '' is not defined NameError: name '' is not defined python nameerror name 'name' is not defined python NameError: name 'Tk' is not defined NameError: name 'python' is not defined "NameError: name 'codecs' is not defined" gamma glutamyl transferase GGT NameError: name 'tf' is not defined NameError: name 'cwd' is not defined NameError: name 'ggt' is not defined
More “Kinda” Related Whatever Answers
View All Whatever Answers »
ServicesBinding.defaultBinaryMessenger was accessed before the binding was initialized. ModuleNotFoundError: No module named 'corsheaders' personal access client not found. please create one CocoaPods could not find compatible versions for pod "Firebase/Messaging": No module named 'debug_toolbar' ERROR: Could not find a version that satisfies the requirement cv2 (from versions: none) ERROR: No matching distribution found for cv2 'mix' is not recognized as an internal or external command, he type or namespace name 'Text' could not be found ./gradlew permission denied Error: spawnSync ./gradlew EACCES ModuleNotFoundError: No module named 'setuptools' oops an error occurred typo3 Module not found: Can't resolve 'react-router-dom' ModuleNotFoundError: No module named 'crispy_forms' pip3 has no installation candidate kivy error command errored out with exit status 1 Error: pg_config executable not found. ERROR: Could not find a version that satisfies the requirement tensorflow (from versions: none) ERROR: No matching distribution found for tensorflow ModuleNotFoundError: No module named 'pip._internal.cli.main' react-native command not found django.db.utils.operationalerror: (2002, "can 'ng' is not recognized as an internal or external command, operable program or batch file. the $request argument is type-hinted with the non-existent class or interface: "App\Controller\Request". Unable to correct problems, you have held broken packages. invalid command bdist_wheel ModuleNotFoundError: No module named 'discord' OSError: libespeak.so.1: cannot open shared object file: No such file or directory dpkg: error: dpkg frontend lock was locked by another process with pid 4368 Could not initialize class org.codehaus.groovy.runtime.InvokerHelper Could not get lock /var/lib/dpkg/lock-frontend - open (11: Resource temporarily unavailable) 'vue' is not recognized as an internal or external command, No provider for FormBuilder Error: couldn't connect to server 127.0.0.1:27017, connection attempt failed: SocketException: Error connecting to 127.0.0.1:27017 :: caused by :: Connection refused : Could not resolve project :react-native-camera.Required by: Invoke-customs are only supported starting with Android O (--min-api 26) 'Basic' attribute type should not be a container ValidationError: Invalid options object. Sass Loader has been initialized using an options object that does not match the API schema. Original error was: libf77blas.so.3: cannot open shared object file: No such file or directory ERR! Error: EPERM: operation not permitted, rename This is probably not a problem with npm. There is likely additional logging output above lite server No module named 'twilio apache invalid mutex directory in argument Uncaught ReferenceError: TimeLineMax is not defined unreal engine failed to save npm EACCES: permission denied, access '/usr/local/lib' [core/no-app] No Firebase App '[DEFAULT]' has been created - call Firebase.initializeApp() flutter bs4.featurenotfound couldn't find a tree builder with the features Exception occurred when creating MZContentProviderUpload for provider. (1004) pecl: command not found PIL module not detected The openssl extension is required for SSL/TLS protection but is not available. If you can not enable the openssl ex tension, you can disable this error, at your own risk, by setting the 'disable-tls' option to true Class 'App\Providers\schema' not found file could not be opened successfully tarfile zip fatal: unable to auto-detect email address 'cross-env' is not recognized as an internal or external command, 'mix' is not recognized as an internal or external command, operable program or batch file. Error: Cannot run with sound null safety, because the following dependencies don't support null safety: Preview features enabled at an invalid source release level 15, preview can be enabled only at source level 16Java(2098258) could not open a connection to your authentication agent ModuleNotFoundError: No module named 'rest_framework' The entity type 'IdentityUserLogin<int>' requires a primary key to be defined. If you intended to use a keyless entity type call 'HasNoKey()' perl: warning: Setting locale failed. Failed to start mongod.service: Unit mongod.service not found. Assets\PlayerMovement.cs(5,44): error CS1003: Syntax error, ',' expected No module named 'boto3' Error: ENOSPC: System limit for number of file watchers reached, net::ERR_CLEARTEXT_NOT_PERMITTED ionic gyp WARN EACCES current user ("nobody") does not have permission to access the dev dir "/Users database files are incompatible with server It is likely you do not have the permissions to access this file as the current user Error: Your CLT does not support macOS 11.0. ModuleNotFoundError: No module named 'psycopg2' NullInjectorError: No provider for HttpClient! xpath not unity using UnityEngine; not working MatDatepicker: No provider found for DateAdapter. You must import one of the following modules at your application root: MatNativeDateModule, MatMomentDateModule, or provide a custom implementation synchronization issue in selenium Could not create server TCP listening socket *:6379: bind: Address already in use The iOS deployment target 'IPHONEOS_DEPLOYMENT_TARGET' is set to 8.0, but the range of supported deployment target versions is 9.0 to 14.4.99. (in target 'gRPC-C++' from project 'Pods') D8: Cannot fit requested classes in a single dex file (# methods: 85258 > 65536) ModuleNotFoundError: No module named 'win32api' No Xcode or CLT version detected! No receipt for 'com.apple.pkg.CLTools_Executables' found at '/'. jest encountered an unexpected token dpkg: error: dpkg frontend lock is locked by another process Execution failed for task ':app:lintVitalRelease'. fatal: Branch rename failed Execution failed for task ':app:lintVitalRelease'. > Lint found fatal errors while assembling a release target. Can't resolve 'web-vitals' Class 'Form' not found The term 'ng' is not recognized as the name of a cmdlet, function, script file, or operable program. Check the spelling of the name, or if a path was included, verify that the path is correct and try again. error: refname refs/heads/master not found Consider using the `--user` option or check the permissions Error: Cannot find module 'axios' Process: 12270 ExecStart=/usr/bin/mongod --config /etc/mongod.conf (code=exited, status=14) Error: no repositories found. You must add one before updating cocoapods could not find compatible versions for pod cloud_firestore AttributeError: module 'jwt' has no attribute 'encode' OSError: [WinError 123] The filename, directory name, or volume label syntax is incorrect: '<frozen importlib._bootstrap>' Could not find file \bin\roslyn\csc.exe No module named functools_lru_cache Parameter not allowed for this message type: code_challenge_method No provider for HttpClient! heroku command not found ngrok gateway error The server returned an invalid or incomplete HTTP response. Error: Cannot find module 'express' portaudio library not found web.xml is missing and <failOnMissingWebXml> is set to true E: Could not get lock /var/cache/apt/archives/lock - open (11: Resource temporarily unavailable) E: Unable to lock the download directory TypeError: argument of type 'WindowsPath' is not iterable go: not found The command Error: Cannot find module 'autoprefixer' [Errno 98] Address already in use SLF4J: Failed to load class "org.slf4j.impl.StaticLoggerBinder". SLF4J: Defaulting to no-operation (NOP) logger implementation Please provide a valid cache path. E: Could not open lock file /var/lib/dpkg/lock-frontend - open (13: Permission denied) E: Unable to acquire the dpkg frontend lock (/var/lib/dpkg/lock-frontend), are you root? ssl.SSLCertVerificationError: [SSL: CERTIFICATE_VERIFY_FAILED] certificate verify failed: unable to get local issuer certificate (_ssl.c:1091) adb is not recognized Permission denied @ apply2files ng cannot be loaded failed with error code 1 in /tmp/pip-build-xxzumppm/grpcio/ Error - [spfx-serve] Error: Invalid glob argument: Target class [] does not exist. already exists http status code ModuleNotFoundError: No module named 'Queue' CondaValueError: The target prefix is the base prefix. Aborting. Can't resolve 'firebase/app' in Module 'cv2' has no 'VideoCapture' member gcc: Command not found git@gitlab.com: permission denied (publickey,keyboard-interactive) mamp error log error 413 request entity too large nginx Error: listen EADDRINUSE: address already in use :::3000 No module named 'psycopg2' The following packages have unmet dependencies: winehq-stable : Depends: wine-stable (= 5.0.2~focal) E: Unable to correct problems, you have held broken packages. Firebase: Firebase App named '[DEFAULT]' already exists laravel: command not found Class 'Intervention\Image\ImageServiceProvider' not found http 000 connection failed Execution failed for task ':app:processDebugGoogleServices'. Failed to load config "airbnb" to extend from. Referenced from: Class 'App\Http\Controllers\DB' not found Missing compiler required member 'Microsoft.CSharp.RuntimeBinder.CSharpArgumentInfo.Create' 'django' is not recognized as an internal or external command active developer path ("/Applications/Xcode.app/Contents/Developer") does not exist dotnet ef command not found Cannot find name 'process' EPERM: operation not permitted, rename unreported exception ServletException; must be caught or declared to be thrown QXcbConnection: Could not connect to display Target class [Seeder] does not exist. Request format is unrecognized for URL unexpectedly ending in '/grid' nodemon: command not found Unrecognized function or variable 'matlab.internal.addons.updates.fileexchangeaddon.getTypeFromPackageInfoUrl'. { "ok": false, "error": "not_in_channel" } tensorflow.python.framework.errors_impl.InvalidArgumentError: assertion failed: [0] [Op:Assert] name: EagerVariableNameReuse pip not found seeder does not exist importerror: cannot import name [!] No podspec found for `FBReactNativeSpec` in `../node_modules/react-native/Libraries/FBReactNativeSpec` error 418 System has not been booted with systemd as init system (PID 1). Can't operate modulenotfounderror no module named 'rest_framework_jwt' ModuleNotFoundError: No module named 'pafy' EACCES: permission denied, mkdtemp '/usr/local/lib/node_modules/electron/electron-download-1ytvRT' clarifai 2.6.2 requires configparser has_cap was called with an argument that is deprecated since version 2.0! Cypress failed to start. This is usually caused by a missing library or dependency. The error below should indicate which dependency is missing. [nodemon] Internal watch failed: ENOSPC: System limit for number of file watchers reached, watch Error: Job name "..getProjectMetadata" does not exist. flutter unhandled exception: bad state: insecure http is not allowed by platform: xcrun: error: invalid active developer path (/Applications/Xcode.app/Contents/Developer), bash: ps: command not found E: Some index files failed to download. They have been ignored, or old ones used instead. ESLint: Cannot read property 'loc' of undefined Occurred while pods is forbidden: User "system:serviceaccount:kube-system:default" cannot list resource "pods" in API group "" at the cluster scope (Kubeclient::HttpError) what is elementnotvisibleexception in selenium ..getProjectMetadata" does not exist. Swift_TransportException Cannot send message without a sender address EADDRINUSE: address already in use :::5000 ssl certificate error handling in selenium Could not open input file: composer command-line line 0: missing argument. Running system mono/msbuild,
ERROR: Invalid SDK MacOSX.sdk, not found in /Library/Developer/CommandLineTools/Platforms/MacOSX.platform/Developer/SDKs PermissionError: [WinError 32] The process cannot access the file because it is being used by another process: 'students.txt' -> 'students.txt.bak' Error: No component factory found for HeaderOptionsComponent aapt.exe not found com.sun.jersey.api.container.ContainerException: The ResourceConfig instance does not contain any root resource classes. bash: gulp: command not found ReferenceError: PREFIX is not defined native-run err_no_target tessbridge.cpp:5:10: fatal error: tesseract/baseapi.h: No such file or directory Cannot find module 'child_process' mysqldump: couldn CordovaPlugins dependency were found, but they required a higher minimum deployment target authorization failed while checking glassfish server netbeans error: no base href set. please provide a value for the app_base_href token or add a base element to the document. deprecated filter_var() phpmailer Module not found: Can't resolve '@material-ui/lab/Alert' javax.el.PropertyNotFoundException: Property [Pay_date] not found on type site:stackoverflow.com ERROR: Failed building wheel for guidedlda identifier 'id' is not defined. 'any[]' does not contain such a memberng How to apply limit on ngrepeat NotAuthorizedException: Identity pool does not have identity providers configured. unity exception (-215:Assertion failed) img.type() == CV_8UC1 Treating warnings as errors because process.env.CI = true. D/NetworkSecurityConfig: No Network Security Config specified, using platform default Type 'InAppBrowserOriginal' is not assignable to type 'Provider'. Starting inspector on 127.0.0.1:9229 failed: address already in use missing function or method docstring pylint role "postgres" does not exist Error: listen EACCES: permission denied 0.0.0.0:3000 expo Invariant Violation: Tried to register two views with the same name RNCSafeAreaProvider EADDRINUSE: address already in use SMTP ERROR: Password command failed: 535-5.7.8 Username and Password not accepted. Windows/TEMP/ccOzwhEr:%20Invalid%20argument%20avr-gcc:%20fatal%20error:%20no%20input%20files%20compilation%20terminated. wine not an emulator Internal error message c# System.Xml.XmlException: The '=' character, hexadecimal value 0x3D, cannot be included in a name. q23w3rt4rYour search - q23w3rt4r - did not match any documents.
Suggestions:
Make sure all words are spelled correctly. Try different keywords. Try more general keywords. undefined variable: _server /usr/share/metasploit-framework/modules/exploits/windows/http/rejetto_hfs_exec.rb:110: warning: URI.escape is obsolete postgrex.protocol failed to connect tesseract Calling an asynchronous function without callback is deprecated. There is no existing directory at "/Applications/XAMPP/xamppfiles/htdocs/elitefanpage/storage/logs" and it could not be created: Permission denied check if a directory doesn't exist TCPDF ERROR: Some data has already been output, can't send PDF file dev/kvm device permission denied Failed to initialize the editor as the document is not in standards mode. TinyMCE requires standards mode. An unhandled exception occurred: Job name "..getProjectMetadata" does not exist. SQLSTATE[42000]: Syntax error or access violation: 1071 Specified key was too long; max key length is 1000 bytes (SQL: alter table `users` add unique `users_email_unique`(`email`)) drupal 8 admin user access denied ERROR 2002 (HY000): Can't connect to local MySQL server through socket '/var/run/mysqld/mysqld.sock' (2) org.w3c.dom.DOMException: Only one root element allowed InvalidPolicyConfig: Module for policy 'KerasPolicy' could not be loaded. Please make sure the name is a valid policy. error occurred while detecting hyperlinks eclipse Honcho fails on Heroku because, USER variable is not set (-215:Assertion failed) size.width>0 && size.height>0 in function 'imshow' in pycharm ReferenceError: ship is not defined missing information on userstory General error: 1364 Field 'issued_date' doesn't have a default value psql: could not connect to server: no such file or directory is the server running locally and accepting connections on unix domain socket "/var/run/postgresql/.s.pgsql.5432"? failed with error code 1 in /tmp/pip-build-ntwLiA/opencv-python/ raise WebDriverException( selenium.common.exceptions.WebDriverException: Message: 'chromedriver' executable needs to be in PATH. Please see https://sites.google.com/a/chromium.org/chromedriver/home Illuminate\Contracts\Container\BindingResolutionException target calss does not exist error path too long elementnotvisibleexception htaccess access denied all TypeError: Cannot read property 'line' of undefined visual studio code could not establish connection Segmentation violation exception tomcat cannot find symbol @WebServlet Perforce password (P4PASSWD) invalid or unset. unity no suitable method found to override could not be opened in append mode: failed to open stream: Permission denied Could not find module "@angular-devkit/build-angular dyld: Library not loaded: /usr/local/opt/icu4c/lib/libicuio.66.dylib fatal: unable to access 'https://github.com/facebook/flipper.git/': LibreSSL SSL_read: SSL_ERROR_SYSCALL, errno 60 java.sql.sqlexception: access denied for user .htaccess: AllowOverride not allowed here Error in UseMethod("compute") : no applicable method for 'compute' applied to an object of class "nn" view not found mvc error: Permission denied @ apply2files - /usr/local/lib/node_modules/@vue/cli/node_modules/vue/src/platforms/weex/.DS_Store npm ERR! code ENOTFOUND pyinstaller not found The origin server did not find a current representation for the target resource or is not willing to disclose that one exists. npm ERR! Error: EACCES: permission denied, symlink '../lib/node_modules/@angular/cli/bin/ng' -> '/usr/bin/ng' permission denied 0.0.0.0:80 kotlin.NotImplementedError: An operation is not implemented: type 'Firebase Firestore' is not a subtype of type 'Firestore' IllegalStateException: Cannot load driver class: oracle.jdbc.driver.OracleDriver NameError: name 'App' is not defined opencv(4.5.1) c:\users\appveyor\appdata\local\temp\1\pip-req-build-kh7iq4w7\opencv\modules\imgproc\src\resize.cpp:4051: error: (-215:assertion failed) !ssize.empty() in function Warning: file_put_contents(phplog): failed to open stream: Permission denied in /Applications/XAMPP/xamppfiles/ Cannot read property 'length' of undefined at http.js:105 fatal: remote origin already exists. attributeerror:'disabledbackend' object has no attribute '_get_task_meta_for' error 503 service unavailable invariant violation: requireNativeComponent: "BVLinearGradient" was not found in the UIManger unknown command cask import error no module pip Could not find the implementation for builder @angular-devkit/build-angular:dev-server E: Could not get lock /var/lib/dpkg/lock-frontend - open (11: Resource temporarily unavailable) Failed to restart sshd.service: Unit sshd.service not found how to test failed test allan please add details gradle build failed see the console for details unity Failed to load OpenH264 library: openh264-1.8.0-win64.dll The session is unavailable because no secret key was set. Set the secret_key on the application to something unique and secret. referenceerror next is not defined problems opening an editor reason does not exist dyld: Library not loaded: /usr/local/opt/openssl/lib/libssl.1.0.0.dylib ModuleNotFoundError: No module named 'dbus' Uncaught (in promise) FirebaseError: Missing or insufficient permissions. ErrorException Undefined variable: request unable to open connection to raspberrypi.local macos executable permission denied androidx-adapter: EXCEPTION: Failed to load dependencies: Error: Cannot find module 'recursive-readdir' python3 permission denied specified key was too long; max key length is 767 bytes (s "gcc": executable file not found in $PATH android studio Could not reserve enough space for 1572864KB object heap Failed to load resource: net::ERR_CERT_AUTHORITY_INVALID Permissions 0644 for are too open. It is required that your private key files are NOT accessible by others. This private key will be ignored Error: This contract object doesn't have address set yet, please set an address first. IOError: [Errno 2] No such file or directory: 'conf/g2p_model' check your module classpath for missing or conflicting dependencies databinding no wifi adapter found SocketException: Failed host lookup warning: the requested image Cannot find module 'express-session' Firebase deploy error - Cannot find module 'firebase' utserver: error while loading shared libraries: libssl.so.1.0.0: cannot open shared object file: No such file or directory virtualenv' is not recognized as an internal or external command, operable program or batch file. error: (-215:Assertion failed) !_src.empty() in function 'cv::cvtColor' No module named 'storages' CocoaPods could not find compatible versions for pod "EXFileSystem moq setup returns null Failed to fetch http://archive.ubuntu.com/ubuntu/dists/focal/InRelease #AllowOverride none
#Require all denied Class Magento\Framework\App\ResourceConnection\Proxy does not exist error: failed to get status of 'empty.bin': No such file or directory Parse error: syntax error, unexpected token "if" Target class does not exist. Target class [UserController] does not exist. macos gradlew clean permission denied ActionController::InvalidAuthenticityToken Command "make:auth" is not defined conversion to inaccessible base class is not allowed [[: not found symlink(): No such file or directory event-config.h file not found InvocationException: GraphViz's executables not found An operation is not implemented: Not yet implemented the selected directory is not a valid home for sdk ERROR! No module named 'psutil' The iOS Simulator deployment target 'IPHONEOS_DEPLOYMENT_TARGET' is set to 8.0, but the range of supported deployment target versions is 9.0 to 14.2.99. (in target 'Flutter' from project 'Pods' syntax error or access violation: 1055 'database.table.id' isn't in GROUP BY Python.h: No such file or directory ValueError: Unknown initializer: GlorotUniform RuntimeException: Personal access client not found. Please create one. wp-admin the requested url was not found on this server Got an error creating the test database: permission denied to create database adb command not found wordpress inner page not found error Error: listen EADDRINUSE: address already in use :::8080 ImportError: No module named docx SOCK_STREAM Internal watch failed: ENOSPC: System limit for number of file watchers reached error: insufficient permission for adding an object to repository database .git/objects error: key does not contain section could not store passwrod mysqkl workbench net:ERR_cleartext_not_permitted Failed building wheel for et-xmlfile Unhandled Exception: MissingPluginException(No implementation found for method pickImage on channel plugins.flutter.io/image_picker) The link you followed has expired. Please try again. wordpress error how to fix selenium.common.exceptions.StaleElementReferenceException DeprecationWarning: Listening to events on the Db class has been deprecated and will be removed in the next major version. ng is not recognized > Could not find method kapt() for arguments Validation failed for one or more entities. See 'EntityValidationErrors' property for more details. ssh-add could not open a connection to your authentication agent error pyaudio Uncaught ReferenceError: $ is not defined default firebaseapp is not initialized in this process Syntax Error: TypeError: getProcessedPlugins is not a function from .cv2 import * ImportError: libcblas.so.3: cannot open shared object file: No such file or directory HelloWorld.c:1:10: fatal error: stdio.h requirements check failed for jdk 8 ( how to know if certain exception is checked or unchecked phpmyadmin not found TypeError: Cannot handle this data type: (1, 1, 256), <f4 ModuleNotFoundError: No module named 'werkzeug.contrib' Module 'cv2' has no 'imread' memberpylint(no-member) No module named 'path ERROR 1819 (HY000): Your password does not satisfy the current policy requirements Execution failed for task ':app:lintVitalRelease flutter build no firebase app ' default ' has been created flutter django.db.utils.operationalerror: fatal: no pg_hba.conf entry for host sqlexception: invalid object name makefile:5: *** missing separator. stop. pyautogui module not found ExecStart=/usr/bin/mongod --quiet --config /etc/init/mongod.conf (code=exited, status=100) Process exited with code 1 flutter failed to build gem native extension name 'cm' is not defined check whether postgres is running or not how to delete alert "DevTools failed to load SourceMap: Could not load content for chrome-extension" flutter doctor --android-licenses Exception in thread "main" java.lang.NoClassDefFoundError: javax/xml/bind/annotation/XmlSchema Failed to construct 'WebSocket': An insecure WebSocket connection may not be initiated from a page loaded over HTTPS. Class 'App\Http\Controllers\Response' not found xmlhttprequest error flutter command not found: pip err_cleartext_not_permitted failed because the user didn't interact with the document first The SUID sandbox helper binary was found, but is not configured correctly. Xcode /Podfile.lock: No such file 'BROWSER' is not recognized as an internal or external command, ModuleNotFoundError: No module named 'yaml' can't add script component because the script class cannot be found : You're using the staticfiles app without having set the STATIC_ROOT setting to a filesystem path. No named parameter with the name 'nullOk'. context != null ? Localizations.localeOf(context, nullOk: true) : null, failed to push some refs to perl: warning: Please check that your locale settings: It is required that your private key files are NOT accessible by others. This private key will be ignored. bash: /usr/bin/node: No such file or directory 'ng' is not recognized as an internal or external command Failed to enable unit: Unit file mongod.service does not exist. Description Resource Path Location Type Unbound classpath container: 'JRE System Library [JavaSE-11]' in project 'FirstProj' FirstProj Build path Build Path Problem heroku error: src refspec master does not match any. fused location provider client implementation npx create app not working eperm operation not permitted mkdir cv2.error: OpenCV(4.2.0) C:\projects\opencv-python\opencv\modules\imgproc\src\color.cpp:182: error: (-215:Assertion failed) !_src.empty() in function 'cv::cvtColor' android studio unable to locate adb Path.op() not supported Unresolvable dependency resolving [Parameter #0 [ <required> $id ]] in class App\Http\Controllers\CategoryController ERROR 1698 (28000): Access denied for user 'root'@'localhost' 404 page not found codeigniter The server requested authentication method unknown to the client [cachin g_sha2_password] ERROR: Could not find a version that satisfies the requirement tensorflow ERROR: No matching distribution found for tensorflow class [App\Http\Middleware\EnsureEmailIsVerified] does not exist when there is a file object of class pdostatement could not be converted to string register:48 Uncaught ReferenceError: $ is not defined core.js:6157 ERROR Error: No value accessor for form control with name: 'option' Job name "..getProjectMetadata" does not exist nodemon command not found no target device found android studio java.lang.IllegalArgumentException: Couldn't find meta-data for provider with authority Refused to load the font '<URL>' because it violates the following Content Security Policy directive: "default-src 'none'". Note that 'font-src' was not explicitly set, so 'default-src' is used as a fallback. Could not open a connection to your authentication agent. Message: 'chromedriver' executable needs to be in PATH. htaccess symfony pem key permissions too open zsh: permission denied error: failed to push some refs to 'http://gitlab.hiteshi.com/Web/RevTech-Angular.git' composer failed to open stream: Too many open file Error: listen EADDRINUSE: address already in use :::8888 psql: error: could not connect to server: No such file or directory minimum required opengl version (2.0) not found kivy ReferenceError: global is not defined Cause: zip END header not found failed to connect to 127.0.0.1:27017, in(checking socket for error after poll), reason: connection refused Invariant Violation: Module AppRegistry is not a registered callable module Error: Cannot find module 'dotenv' jinja2.exceptions.templatenotfound: base.html command code not found mac 'choco' is not recognized as an internal or external command, operable program or batch file. Error: listen EADDRINUSE: address already in use :::31641 PANIC: Missing emulator engine program for 'x86' CPU. The Mix manifest does not exist phpMyAdmin > Error Incorrect format parameter Could not load dynamic library 'libcudnn.so.8'; dlerror: stream_socket_enable_crypto(): ssl operation failed with code 1. openssl error messages: error:1416f086:ssl routines:tls_process_server_certificate:certificate verify failed Error: Redis connection to 127.0.0.1:6379 failed - connect ECONNREFUSED 127.0.0.1:6379 Deprecated Gradle features were used in this build, making it incompatible with Gradle 6.0. Use '--warning-mode all' to show the individual deprecation warnings. error: RPC failed; curl 18 transfer closed with outstanding read data remaining fatal: the remote end hung up unexpectedly Error: EACCES: permission denied, mkdir '/Users/f5238390/Sites/pyramid-ui/node_modules/node-sass/build Error injecting: org.apache.maven.report.projectinfo.CiManagementReport firebase_core_web not found. Please update settings.gradle. expo Error: EMFILE: too many open files, watch at FSEvent.FSWatcher._handle.onchange (internal/fs/watchers.js:178:28) common exceptions in selenium ssh error permission denied (publickey) could not find a declaration file for module sh: cross-env: command not found django.db.utils.OperationalError: no such table: error: failed to lookup view "layout" in views directory Illuminate\Contracts\Container\BindingResolutionExceptionTarget class [ProjectController] does not exist. SDK location not found. Define location with an ANDROID_SDK_ROOT environment variable or by setting the sdk.dir path in your project's local properties file Failed to set up listener: SocketException: Address already in use 'pip' is not recognized as an internal or external command, operable program or batch file. Firebase Storage: User does not have permission to access android.content.res.Resources$NotFoundException: String resource ID #0x0 Could not find tools.jar. Please check that (errno: 150 "foreign key constraint is incorrectly formed") 'chromedriver_win32' executable may have wrong permissions. failed to load resource: net::ER_BLOCKED_BY_CLIENT hotjar MissingPluginException(No implementation found for method DocumentReference#setData on channel plugins.flutter.io/cloud_firestore error 2003 (hy000) windows 10 E: Sub-process dpkg --set-selections returned an error code (2) E: Couldn't clean the currently selected dpkg states django.db.utils.OperationalError: (1045, "Access denied for user 'root'@'localhost' (using password: YES)") mysql Public Key Retrieval is not allowed Error: EACCES: permission denied, mkdir FFMpeg\Exception\ExecutableNotFoundException Unable to load FFProbe windows Could not connect to Redis at 127.0.0.1:6379: Connection refused configurationmanager does not exist in the current context pyenv build failed react-native: command not found ERROR: 3 matches found based on name: network backoffice is ambiguous DevTools failed to load SourceMap: Could not load content for expiring daemon because jvm heap space is exhausted cannot enable mylocation layer as location permissions are not granted Could not create cudnn handle: CUDNN_STATUS_ALLOC_FAILED fatal error: conio.h: No such file or directory Library not loaded: /usr/local/opt/openssl@1.1/lib/libssl.1.1.dylib .\Scripts\activate Execution_Policies at https:/go.microsoft.com/fwlink/?LinkID=135170. $ not defined error unable to connect to socket connection refused 10061 kex 'router-outlet' is not a known element django.core.exceptions.improperlyconfigured: the secret_key setting must not be empty. ERROR Error: No value accessor for form control with unspecified name attribute failed to open stream: No such file or directory in artisan on line 18 Permission denied @ apply2files - /usr/local/lib/node_modules/expo-cli/node_modules/timers-browserify/.DS_Store 'Vue' is not defined "tinker" not defined fatal error: pcap/pcap.h: No such file or directory error 503 Internal Server Error error: package android.support.annotation does not exist npm ERR! code EACCES libcusolver.so.9.0: cannot open shared object file: No such file or directory db_1 | Error: Database is uninitialized and superuser password is not specified. A failure occurred while executing com.android.build.gradle.internal.tasks.Workers$ActionFacade > java.lang.OutOfMemoryError (no error message) An error occurred (UnrecognizedClientException) when calling the GetAuthorizationToken operation: The security token included in the request is invalid. Unable to connect to your database server using the provided settings. Pods-Hepta/Pods-Hepta.debug.xcconfig: unable to open file error: listen eaddrinuse: address already in use 0.0.0.0:5555 Target class [Controller] does not exist. failed to push some refs PlatformException(sign_in_failed, com.google.android.gms.common.api.ApiException: 10: , null) No debugger available, can not send 'variables' (-215:Assertion failed) img.type() == CV_8UC1 in func yup change error message mac Make sure the ~/.composer/vendor/bin directory is in your system's "PATH" unhandledpromiserejectionwarning: mongooseerror: the `uri` parameter to `openuri()` must be a string, got "undefined". Uncaught Error in onSnapshot: FirebaseError: Missing or insufficient permissions. ModuleNotFoundError: No module named 'cv2' unhandled exception: missingpluginexception(no implementation found for method launch on channel plugins.flutter.io/url_launcher) listen EADDRINUSE: address already in use 127.0.0.1:8000 npm permissions error the type or namespace name 'system' could not be found visual studio 2019 uncaught exception 'NSUnknownKeyException', reason: '[<UIViewController 0x7fad91c12b10> setValue:forUndefinedKey:]: this class is not key value coding-compliant for the key warning: include(): https:// wrapper is disabled in the server configuration by allow_url_include=0 in heroku sh: 1: webpack: not found no pg_hba.conf entry for host user database ssl off rasa init rasa : The term 'rasa' is not recognized Invalid default value for 'post_date' ignore this error 404 page not found localhost codeigniter command not found: code pipenv an error psycopg2 Method 'where' not found in \App\Models\User `FirebaseAnalytics` requires CocoaPods version `>= 1.10.0`, which is not satisfied by your current version, `1.5.2`. :-1: error: Project ERROR: Unknown module(s) in QT: mqtt valet share failed to connect to 127.0.0.1 port 4041: connection refused E: Sub-process /usr/bin/dpkg returned an error code (1) go testing cannot find main module; see 'go help modules' java.lang.OutOfMemoryError: Failed to allocate a 345067788 byte allocation with 11479504 free bytes and 111MB until OOM build environmet error Cannot resolve method 'getInstance' in 'FirebaseDatabase' Cannot start service traefik: Could not attach to network web: rpc error: code = PermissionDenied desc = network web not manually attachable ERR_CONNECTION_REFUSED has no instance getter 'id'. Target class [SallyController] does not exist. Illuminate\Database\QueryException could not find driver windows ModuleNotFoundError: No module named 'source_rc' RLException: Invalid <param> tag: Cannot load command parameter [robot_description]: no such command [['/opt/ros/noetic/share/xacro/xacro.py', '/home/megara_1/catkin_ws/src/robot_description/urdf/robot.xacro']]. error let's encrypt validation status 400 vestacp There is already an open DataReader associated with this Command which must be closed first. laravel custom error page updates were rejected because the remote contains work that you do Whoops! Error: DOMException: Failed to execute 'addIceCandidate' on 'RTCPeerConnection': Error processing ICE candidate Unable to locate adb net::ERR_CLEARTEXT_NOT_PERMITTED java.sql.SQLException: Unknown initial character set index '255' received from server. Initial client character set can be forced via the 'characterEncoding' property. fatal: Authentication failed The system cannot find the path specified. npm script Refused to execute inline event handler because it violates the following Content Security Policy directive: "default-src 'self' data: gap: https://ssl.gstatic.com wrong fs type, bad option, bad superblock on /dev/loop0, missing codepage or helper program, or other error+dd image error: error:0909006c:pem routines:get_name:no start line InvalidArgumentException View [pages.todo-list] not found. Fatal error: Uncaught GuzzleHttp\Exception\RequestException: cURL error 60: SSL certificate problem: unable to get local issuer certificate Class 'Google_Client' not found in Error: Node Sass does not yet support your current environment: Windows 64-bit with Unsupported runtime Unable to load authentication plugin 'caching_sha2_password' "protoc-gen-go: program not found or is not executable" cannot open source file "iostream" Host key verification failed. mysqldump: got error: 1045: access denied for user fatal error compiling: invalid flag: --release xunit test exception thrown Could not resolve all files for configuration ' the requested url was not found on this server apache Error: Missing credentials for "PLAIN" swift_transportexception expected response code 220 but got an empty response spatie/laravel-permission libcublas.so.9.0: cannot open shared object file: No such file or directory pg_dump command not found cordova-res' is not recognized as an internal or external command discord dispatcher connection is not defined E: Unable to acquire the dpkg frontend lock (/var/lib/dpkg/lock-frontend), is another process using it? ERROR: could not open extension control file "/usr/share/postgresql/10/extension/postgis.control": No such file or directory access denied for user 'root'@'localhost' he following signatures couldn't be verified because the public key is not available: NO_PUBKEY 363A96A5CEA9EA27 error ng8001 'router-outlet' is not a known element dotnet is not recognized as an internal command SELECT command denied to user 'pma'@'localhost' for table 'pma__tracking' File encoding has not been set, using platform encoding UTF-8, i.e. build is platform dependent! An unhandled exception occurred: Job name ..getProjectMetadata does not exist. See C:\Users\adeli\AppData\Local\Temp\ng-m7FHpn\angular-errors.log for further details. Target class [App\Http\Controllers\EmployeeController] does not exist. could not create cudnn handle: CUDNN_STATUS_INTERNAL_ERROR AUTH ERROR FIX FOR MYSQL SERVER It is required that your private key files are NOT accessible by others. Cast to ObjectId failed for value TypeError: __init__() missing 1 required positional argument: 'on_delete' listen unix /home/jatoba/.pomo/pomo.sock: bind: address already in use numpy Original error was: DLL load failed: The specified module could not be found. svn commit sqlite: database disk image is malformed Resource punkt not found. can't find gem cocoapods (>= 0.a) with executable pod (gem::gemnotfoundexception) OMP: Error #15: Initializing libomp.a, but found libiomp5.dylib already initialized. No application encryption key has been specified. ERROR Error: You cannot call "get" on a collection with no paths. Instead, check the "length" property first to verify at least 1 path exists. atal: Could not parse object conky: Unable to load imageconky: Unable to load image '/home/liovjales/.cache/weather.png' conky: Unable to load image '/home/liovjales/.cache/weather-1.png' conky: llua_do_call: function conky_main_bars execution failed: attempt to call a nil value name 'PorterStemmer' is not defined W: Failed to fetch http://deb.parrotsec.org/parrot/dists/stable/InRelease The following signatures couldn't be verified because the public key is not available: NO_PUBKEY B56FFA946EB1660A locate: can not stat () `/var/lib/mlocate/mlocate.db': No such file or directory 'EADDRINUSE' nameerror: name 'fileupload' is not defined [error] Error: Cannot find module '@schematics/angular/utility/config' WebMock::Response::InvalidBody: must be one of: [Proc, IO, Pathname, String, Array]. 'Hash' given if __name__ == '__main__': app.run(debug=True) not running An accessor cannot be declared in an ambient context. jquery-3.4.1.min.js:2 Uncaught (in promise) TypeError: Illegal invocation Library not loaded: /usr/local/opt/openssl/lib/libssl.1.0.0.dylib ruby ParserError: unexpected end of data "export 'createStore' was not found in 'vuex' Expected a key while parsing a block mapping. Unable to init server: Could not connect: Connection refused (eog:22): Gtk-WARNING **: 21:54:46.367: cannot open display: permission denied (publickey password) Attempt by security transparent method 'System.Web.Mvc.PreApplicationStartCode.Start()' to access security critical method 'System.Web.WebPages.Razor.PreApplicationStartCode.Start()' failed. error: couldn't set 'refs/remotes/origin/master' 'IApplicationBuilder' does not contain a definition for 'UseDatabaseErrorPage' could not find driver system.drawing class not found errno: 1251 Manifest: Line: 1, column: 1, Syntax error error page apache2 404 error page phpMyAdmin - Error Incorrect format parameter userlogged in or not sharedprefernces in flutter Execution failed for task ':react-native-gesture-handler:compileDebugJavaWithJavac' ImportError: cannot import name 'ImageGrab' from 'PIL' (D:\Users\ramaruth\Anaconda3\lib\site-packages\PIL\__init__.py) Library not loaded: /usr/local/opt/openssl/lib/libssl.1.0.0.dylib KEYTOOL NOT RECOGNIZED COMMAND Error The entity type 'Palavra' requires a primary key to be defined [microsoft][odbc driver manager] data source name not found and no default driver specified (0) (sqldriverconnect) received empty response from zabbix agent at [192.168.0.3]. assuming that agent dropped connection because of access permissions. 404 Not Found [IP: 91.189.88.142 80] Schema export directory is not provided to the annotation processor so we cannot export the schema. You can either provide `room.schemaLocation` annotation processor argument OR set exportSchema to false. GPG error: https://dl.bintray.com stable Release: The following signatures were invalid: KEYEXPIRED `require': cannot load such file -- httparty (LoadError) the mix manifest does not exist. (view: /home/daridart/domains/darydar.tn/public_html/resources/views/application.blade.php) Fatal error: Allowed memory size of 1610612736 bytes exhausted (tried to allocate 32 bytes) in Cannot fit requested classes in a single dex file (# methods: 65710 > 65536) flutter failed to load asset image Class 'Yajra\Datatables\Datatables' not found STATIC_ROOT = os.path.join(BASE_DIR, 'static') NameError: name 'os' is not defined npm TypeError [ERR_INVALID_ARG_TYPE]: Navigator operation requested with a context that does not include a Navigator. xdebug: [step debug] could not connect to debugging client. tried: localhost:9003 (through xdebug.client_host/xdebug.client_port) :-( nginx: [emerg] bind() to 0.0.0.0:8080 failed (48: Address already in use) bundle.config in mvc is missing Could not find com.google.android:cameraview:1.0.0. ActiveModel::UnknownAttributeError: unknown attribute More than one file was found with OS independent path 'META-INF/AL2.0'. when running android test An unhandled exception occurred: NGCC failed. See C:\Users\HAMZAZ~1\AppData\Local\Temp\ng-lyW7pS\angular-errors.log for further details. No module named 'selenium' ImportError: DLL load failed while importing _sqlite3: The specified module could not be found. Execution failed for task ':react-native-gesture-handler:compileReleaseJavaWithJavac'. This syntax requires an imported helper named '__spreadArrays' which does not exist in 'tslib'. Consider upgrading your version of 'tslib'. generatedpluginregistrant.registerwith(registry) error AttributeError: module 'yaml' has no attribute 'FullLoader' Allowed memory size of 33554432 bytes exhausted (tried to allocate 43148176 bytes) in php no pg_hba.conf entry for host SSL off enospc error magento 2 The requested class did not generate properly, because the 'generated' directory permission is read-only "Failed to execute goal org.apache.maven.plugins:maven-surefire-plugin:2.20.1:test (default-test) on project" error: src refspec working does not match any imaplib.error: FETCH command error: BAD [b'Could not parse command' Route [verification.notice] not defined. because it violates the following Content Security Policy directive: "default-src 'none'". Note that 'font-src' was not explicitly set, so 'default-src' is used as a fallback Method Illuminate\Routing\Route::get does not exist You don't have permission to access this resource. yup min validation with error message Module not found: Can't resolve 'App.scss Test running failed: Instrumentation run failed due to 'Process crashed.' Refused to load the imagebecause it violates the following Content Security Policy directive: "img-src 'self' data: content:". unable to find valid certification path to requested targe Command "make:model" is not defined. 'imagick' already loaded in Unknown on line 0 what should be the error response status for information message sh: 1: vue-cli-service: Permission denied The server encountered an internal error or misconfiguration and was unable to complete your request. error: no display environment variable specified how to run failed test Your Android App Bundle is signed with the wrong key. Ensure that your App Bundle is signed with the correct signing key and try again. Your App Bundle is expected to be signed with the certificate with fingerprint could not be opened in append mode failed to open stream permission denied firestore missing or insufficient permissions socket exception permission denied Property [id] does not exist on this collection instance. protoc-gen-go: program not found or is not executable Please specify a program using absolute path or make sure the program is available in your PATH system variable --go_out: protoc-gen-go: Plugin failed with status code 1. ImportError: cannot import name 'db' from Uncaught Error: listen EADDRINUSE: address already in use 0.0.0.0:3000 The Command raised an exception: AttributeError: 'VoiceState' object has no attribute 'voice_channel' permission to repository denied to user 404 error status:display_server_not_supported ImproperlyConfigured: Cannot import ASGI_APPLICATION module 'z.routing' Could not create directory wordpress chrome inspect android http/1.1 404 not found COPY failed: file not found in build context or excluded by .dockerignore: stat package.json: file does not exist An unhandled exception occurred: Cannot find module '@angular-devkit/build-angular/package.json' Require stack: unhandled exception: formatexception: unexpected character (at character 1) fatal: refusing to merge unrelated histories [core/no-app] No Firebase App '[DEFAULT]' has been created - call Firebase.initializeApp() "flutter" selenium.common.exceptions.ElementNotInteractableException: Message: element not interactable ERROR: invalid locale name: "en_US.utf8" on mac fatal: Unable to create '/home/babita/INTER_EV/INTER_EV_MICROSERVICES/InterEV-Email/.git/index.lock': File exists. libtorrent module not found The certificate is not trusted because it is self-signed wordpress LoadError: cannot load such file -- parallel_tests/rspec/failures_logger fatal: could not lookup name for submodule 'docroot/web/sites/all/vendor/guzzlehttp/ringphp' curl: (6) Could not resolve host: http-inputs-hec.splunkcloud.com Could not find a package configuration file provided by "ECM" (requested version 1.0.0) with any of the following names: ECMConfig.cmake ecm-config.cmake eazfuscator virtualization worker_processes" directive is not allowed here in Error: Deployment.apps "elasticsearch" is invalid: spec.template.spec.initContainers[0].image: Required value Composer detected issues remote: error Command "webpack" not found.rails undefined reference to `PlaySoundA@12' were invalid: EXPKEYSIG ERROR: Could not find a version that satisfies the requirement skin grabber (from versions: none) ERROR: No matching distribution found for skin grabber composer failed to open stream too many open files 'ER_NOT_SUPPORTED_AUTH_MODE' your administrator has blocked this application PowerShell says “execution of scripts is disabled on this system.” image exists in laravel An error occurred while trying to start ChromeDriver: cannot resolve path: npm ERR! Unexpected string in JSON at position 68741 while parsing '{ flutter E/chromium( 8351): [ERROR:web_contents_delegate.cc(218)] WebContentsDelegate::'CheckMediaAccessPermission': Not supported Uncaught ReferenceError: __decorate is not defined nativescript Syntax error or access violation: 1059 Identifier name java.lang.NoClassDefFoundError: org/powermock/tests/utils/TestSuiteChunker Cannot proceed with delivery: an existing transporter instance is currently uploading this package storage/oauth-private.key\" does not exist or is not readable Cannot find module 'autoprefixer' libgd-dev (missing): raise XLRDError(FILE_FORMAT_DESCRIPTIONS[file_format]+'; not supported') XLRDError: Excel xlsx file; not supported Use of unresolved identifier 'MFMailComposeViewController' Reloading app... events.js:292 throw er; // Unhandled 'error' event ^ Error: EMFILE: too many open files, watch Attempted import error: 'Help' is not exported from No application found for TargetPlatform.ios. Make views automatic and avoid error "no file ..." neovim execution failed for task xcode errSecInternalComponent DecodeError: Error parsing message site:stackoverflow.com 'compose' is not exported from 'react-apollo'. Failed binding to auth address * port 1812 bound to server default: Address already in use /etc/freeradius/3.0/sites-enabled/default[59]: Error binding to port for 0.0.0.0 port 1812 matthias@ThinkPad-T580:~$ Permissions sur le fichier de configuration incorrectes, il ne doit pas être en écriture pour tout le monde ! composer config -g -- disable-tls true not working Some problems were found with the configuration of task ':app:compileFlutterBuildRelease' (type 'FlutterTask'). Type 'FlutterTask' property 'assets' is missing an input or output annotation. denied: requested access to the resource is denied sudo: apt-get: command not found Creating mailbox file: File exists h10 status 503 error could not load exp.host after expo publish ios restcontroller cannot be resolved to a type eclipse libpq-dev depends libpq5 fatal: could not lookup name for submodule error: incompatible types: PluginRegistry cannot be converted to FlutterEngine\ Refused to execute inline script because it violates the following Content Security Policy directive NullInjectorError: No provider for SwPush! dimsBackgroundDuringPresentation' was deprecated in iOS 12.0 -bash: service: command not found makemigrations permission denied Could not connect to the database service. Please check the config file. Database Error #1045: Access denied for user 'dvwa'@'localhost' (using password: NO). permission denied: bin/cake bake raise RuntimeError(_request_ctx_err_msg) RuntimeError: Working outside of request context does not conform to the required format. The format is "yyyy-MM-ddThh:mm" followed by optional ":ss" or ":ss.SSS". moduleNotFoundError("No module named 'celery.backends.amqp'") Failed assertion: line 1861 pos 16: 'constraints.hasBoundedHeight': is not true. Error creating broker listeners from 'localhost': Unable to parse localhost to a broker endpoint Start : This command cannot be run due to the error: The system cannot find the file specified. At line:1 char:1 + Start "file:///home/abhishek/.local/share/jupyter/runtime/nbserver-77 Imagick was compiled against Image Magick version 1654 but version 1650 is loaded. Resolved [org.springframework.web.HttpRequestMethodNotSupportedException: Request method 'GET' not supported] on @DeleteMapping [2]: the default discovery settings are unsuitable for production use; at least one of [discovery.seed_hosts, discovery.seed_providers, cluster.initial_master_nodes] must be configured error handler unpacking the package... could not create directory. wordpress Failed to connect: org.bluez.Error.NotReady Docker Compose failed to build - Filesharing has been cancelled - eShopOnContainers xml.etree.elementtree.parseerror: not well-formed (invalid token) permission denied for window type 2002 htcondor daemons not running ServiceWorkerModule Cython directive 'language_level' not set 'NAME': BASE_DIR / 'db.sqlite3', TypeError: unsupported operand type(s) for /: 'str' and 'str' moq assert exception HTTP Strict Transport Security (HSTS) Errors and Warnings Uncaught (in promise) TypeError: Failed to execute 'put' on 'Cache': Request scheme 'chrome-extension' is unsupported express-session TypeError: You must specify a directory to build in path x509: certificate is valid for 192.168.99.101, 10.96.0.1, 127.0.0.1, 10.0.0.1, not 192.168.99.100] Warning: Failed child context type: Invalid child context `virtualizedCell.cellKey` of type `number` supplied to `CellRenderer`, expected `string`. the import org.mockito.junit.mockitojunitrunner cannot be resolved pm WARN ERESOLVE overriding peer dependency npm ERR! Cannot read property 'length' of undefined SSL error: [SSL: TLSV1_ALERT_PROTOCOL_VERSION] tlsv1 alert protocol version (_ssl.c:590) fatal error: concurrent map writes Error 1045 (28000): Access denied for user 'root'@'localhost' (using password: YES) no module named machina NoLimits_ID X #No_IDenTity could not be opened in append mode npm ERR! Unexpected end of JSON input while parsing near '...b6g9K7Af3lGVtZbZd4b\n' httppostedfilebase file is null nodemon ALTER DATABASE failed because a lock could not be placed on database Task :expo-updates:checkDebugManifest FAILED Failed to auto-configure a DataSource: 'spring.datasource.url' is not specified and no embedded datasource could be auto-configured. \pyrcc_main.py: File does not exist 'resources.qrc' laravel
Please provide a valid cache path maven site plugin 3.3 doxia class not found internal server error heroku permission denied: bin/cake cannot read property 'autocomplete' of undefined google maps api command failed with EACCES android bug defect error Error “Get https://registry-1.docker.io/v2/: net/http: request canceled” while building image postgress connection refused (node:621) UnhandledPromiseRejectionWarning: Error: Failed to launch chrome! error: (-215:Assertion failed) !empty() in function 'cv::CascadeClassifier::detectMultiScale' cloud run error: container failed to start. failed to start and then listen on the port defined by the port environment variable. create spring 404 error controller there is an instance of anaconda already running Unable to track an entity of type 'ApplicationRole' because primary key property 'Id' is null error: failed to push some refs to error: (-215:Assertion failed) size.width>0 && size.height>0 in function 'cv::imshow' xampp 500 internal server error FirebaseUser undefined class dyld: Library not loaded: /usr/local/opt/openldap/lib/libldap-2.4.2.dylib command not found mvn runtimeerror: expected scalar type double but found float ffmpeg: error while loading shared libraries: libopenh264.so.5: cannot open shared object file: No such file or directory Could not load file or assembly 'office, Version=15.0.0.0, Culture=neutral, PublicKeyToken=71e9bce111e9429c'. The system cannot find the file specified. sdl2 no such file or directories how do you test failed test in framework ionic ENOLOCAL error java.lang.illegalstateexception: expected begin_object but was string at line 1 column 1 path $ ERROR: Could not find a version that satisfies the requirement OpenGL (from versions: none) ERROR: No matching distribution found for OpenGL expected response code 250 but got code "535", with message "535-5.7.8 username and password not accepted Whitelabel Error Page This application has no explicit mapping for /error, so you are seeing this as a fallback. Sat Mar 27 10:42:53 CET 2021 There was an unexpected error (type=Internal Server Error, status=500). keystore file not set for signing config release flutter error: src refspec main does not match any router-outlet' is not a known element: 'flutter' is not recognized as an internal or external command, cannot open output file main.exe: permission denied collect2.exe: error: ld returned 1 exit status How to fix 'Mixed Content: The page was loaded over HTTPS, but requested an insecure script” [duplicate] Notice: Undefined index: module Unhandled Rejection (FirebaseError): Function Firestore.collection() cannot be called with an empty path. Property '0' is missing in type '[]' but required in type ' Could not parse DateTime::__construct(): Failed to parse time string at position 0 (2): Unexpected character gdb debugging No symbol table is loaded. Use the "file" command. Erroneous data format for unserializing 'Symfony\Component\Routing\CompiledRoute' ENOENT, no such file or directory Magento2 404-error You have multiple authentication backends configured and therefore must provide the `backend` argument or set the `backend` attribute on the user. io.UnsupportedOperation: not readable password authentication failed for user postgres pgadmin no matching manifest for windows/amd64 10.0.18363 in the manifest list entries error: request failed with status code 400 at=error code=H10 desc="App crashed" method=GET path="/ warning: the requested image's platform (linux/amd64) does not match the detected host platform (linux/arm64/v8) and no specific platform was requested Error: Could not find or load main class -Djava.library.path=.home.hdoop.hadoop-3.3.0.lib.native module not found: empty dependency (no request) docker unable to push repo access denied Error in file(file, "rt") : cannot open the connection sudo: yum: command not found sqlite3.operationalerror: database is locked IllegalArgumentException Execution failed for task ':app:processDebugGoogleServices'. > No matching client found for package typeerror: expected str, bytes or os.pathlike object, not list The operation was rejected by your operating system. npm ERR! It is likely you do not have the permissions to access this file as the current user InvalidPipeArgument: '[object Object]' for pipe 'AsyncPipe' Unhandled Exception: Unable to load asset Execution failed for task ':app:kaptDebugKotlin' syntax error mysqli_connect(): (hy000/2002): no connection could be made because the target machine actively refused it. Process finished with exit code -1073740791 (0xC0000409) Undefined symbols for architecture x86_64: error from chokidar (c:\): error: ebusy: resource busy or locked, lstat no pg_hba.conf entry for host heroku property 'map' does not exist on type 'object' TypeError: Cannot read property 'name' of undefined what is error code 400 Errors: grub-efi-amd64-signed & shim-signed chmod: cannot access 'ADB': No such file or directory ruby check if a file exists diagnosis errors in billing rabbitmq.client.pdb not loaded Database connection [postgres] not configured. no such fie exception #file: "/media/imprint/software/projects/sookh/vendor/swiftmailer/swiftmailer/lib/classes/Swift/Transport/AbstractSmtpTransport.php" platform_device_id flutter raphael.min.js:1 Error: <path> attribute d: Expected moveto path command ('M' or 'm'), "Z". firebase Use of unresolved identifier 'InstanceID' Warning: require(/home/../wp-includes/rest-api/endpoints/class-wp-rest-application-passwords-controller.php): failed to open stream: synology server name is not resolving getting to know if an object has been detected in vuforia unity Unresolved reference: GsonConvertorFactory zipline ImportError: DLL load failed: The specified module could not be found. ansible "an error occurred while trying to read the file cudnn error: cudnn_status_not_initialized View [mail] not found. invalid route action: [\App\Http\Livewire\Register::class]. com.mysql.cj.jdbc.exceptions.communicationsexception: communications link failure ActiveResource::UnauthorizedAccess: Failed. Response code = 401. Response message = Unauthorized ([API] Invalid API key or access token (unrecognized login or wrong password)) ssis vs_needsnewmetadata org.hibernate.LazyInitializationException: could not initialize proxy [ua.tqs.ReCollect.model.User#2407] - no Session command-line line 0: missing argument failed to execute NameError: name 'messagebox' is not defined Unable to acquire the dpkg frontend lock (/var/lib/dpkg/lock-frontend), are you root? conflicting provisioning settings error when I try to archive to submit an iOS app ** (Mix) Invalid option: --live Error CS0161	'Purchase Invoice.Validation Datagridview()': not all code paths return a value java.lang.LinkageError: loader (instance of
org/glassfish/web/loader/WebappClassLoader): attempted
duplicate class definition for name: "org/glassfish/web/loader/JdbcLeakPrevention" Error: Unknown command: cask Solve Cannot Install Dependency Error for NPM install No matching version found for mongodb@3.6.6. javax.el.PropertyNotFoundException: Target Unreachable, 'null' returned null adf 12.2.1.4 TIdEmailAddressItem undeclared how do you run failed tests error = Converting object to an encodable object failed: Instance of 'SendCart' formularioAssertionError [ERR_ASSERTION]: Missing where attribute in the options parameter unable to resolve host s: Name or service not known git push unable to create temporary object directory fatal error: studio.h: No such file or directory grepper : keyserver receive failed: No dirmngr specified cast is not valid. (sqlmanagerui) AssertionError ModuleNotFoundError: No module named 'orders' Could not find method compile() v8::internal::V8::FatalProcessOutOfMemory(v8::internal::Isolate*, char const*, bool) [node] You do not have sufficient privilege to perform this operation. Linking successful Error CS0246	The type or namespace name 'Form1' could not be found (are you missing a using directive or an assembly No module named env.__main__; 'env' is a package and cannot be directly executed ErrorsHide Fetch errorNot Found /swagger/v1/swagger.json ModelViewer failed to load: net::ERR_CLEARTEXT_NOT_PERMITTED (WebResourceErrorType.unknown -1) net use error 67 the default 'list' constructor isn't available when null safety is enabled flutter vue firestore not found in firebase symfony 4 Error: Invalid PathExpression. Must be a StateFieldPathExpression. no module named 'pycloudmessenger' events.js:292 throw er; // Unhandled 'error' event ^ Error: listen EADDRINUSE: address already in use :::3000 java.lang.illegalargumentexception: not a managed type: not enough information on requirement Class not found in Psy Shell code on line 10249: connect: connection refused leaflet-src.js?e11e:4066 Uncaught (in promise) Error: Map container not found invalidcharactererror: failed to execute error while loading shared libraries: libz.so.1 FATAL: password authentication failed for user RuntimeError: Error while calling cudaGetDevice(&the_device_id) in file /tmp/pip-wheel-mmuzni47/dlib/dlib/cuda/gpu_data.cpp:201. code: 100, reason: no CUDA-capable device is detected site:stackoverflow.com sendgrid message: 'The from email does not contain a valid address.' emulator: ERROR: No AVD specified. Use '@foo' or '-avd foo' to launch a virtual device named 'foo' vboxnetadpctl: error while adding new interface: failed to open /dev/vboxnetctl: no such file or directory. permission denied, open '/Users/johannbuscail/.config/yarn' unknown url type: 'H' A View.environmentObject(_:) for UrlConnect may be missing as an ancestor of this view 'safestring' object has no attribute 'get' 'scriptcs' is not recognized as an internal or external command, operable program or batch file. error failed to download metadata for repo 'appstream' ERROR Error: ASSERTION ERROR: Stored value should never be NO_CHANGE. sudo permission denied set identity_insert off how do you handle exceptions in selenium Cannot find module 'multer' Error 404: SRVE0190E: File not found: / oops error E2003 Undeclared identifier: 'iRemainder' The "CreateAppHost" task failed unexpectedly. NameError: name 'fenetre' is not defined Illuminate\Auth\EloquentUserProvider::validateCredentials() Could not scan for classes inside which d oes not appear to be a file nor a folder http error 400. the request hostname is invalid java.lang.IllegalStateException: Cannot invoke setValue on a background thread + runblocking() type error Where did you manually create an exception? Terminating app due to uncaught exception 'RLMException', reason: 'Object has been deleted or invalidated.' cron pipe error output to file [ec2-user@ip- *]$
* : * : command not found
PATH Module not found: Error: Can't resolve 'aws4' http error 500 nginx drupal open request has failed with SFTP error Permission Denied permission denied no suitable driver found for jdbc:mysql: firebase project shows not found after reloading page vscode private repository remote: Repository not found. cannot convert null to olestr Execution failed for task ':app:validateSigningDebug'. > Keystore file '/Users/apple/Documents/GitHub/tfbrandnew/android/app/debug.keystore' not found for signing config 'debug'. { "error": { "code": 400, "message": "Required", "errors": [ { "message": "Required", "domain": "global", "reason": "required" } ] } } why do we check whether driver object has already exists docker npm warn saveerror enoent no such file or directory open package.json' no valid crumb was included in the request : new Database Error(message Value, length, name) ^ error: relation "teacher" does not exist Git is not working after macOS Update (xcrun: error: invalid active developer path (/Library/Developer/CommandLineTools) generic.png not found drupal reported error code “1” when it ended: error: Your local changes to the following files would be overwritten by merge: composer.lock Please commit your changes or stash them before you merge. Aborting error, defect, failure istqb systemerror: error return without exception set Pessimistic Locking Laravel Undefined index: bathroomId (View: firebase net::ERR_CLEARTEXT_NOT_PERMITTED (WebResourceErrorType.unknown -1) Could not read source map for f@google-cloud/storage/build/src/channel.js: ENOENT: no such file or directory Property 'users' does not exist on type 'UsersDTO[]'. 29 if (saveUser.users.length < 1) { unhandled Exception: MissingPluginException(No implementation found for method Firebase#initializeCore on channel plugins.flutter.io/firebase_core) !navigator._debugLocked': is not true Skipping device 'emulator-5554' for 'app:debug': Unknown API Level An error occurred (NoSuchBucket) when calling the PutObject operation: Unknown tempcoderunnerfile.cpp:1:1: error: does not name a type Could not find package "build_runner". Did you forget to add a dependency? Module not found: Can't resolve 'google-spreadsheet' Error details: Invalid argument exception: You must specify a WS or WSS scheme for the endpoint SessionId: 7ed77e0dfbe242f9bc8d51af42e536de E: Unable to locate package rbp-userland-dev-osmc docker ERROR: transport error 202: gethostbyname: unknown host spring_boot_com_mysql_1
| ERROR: JDWP Transport dt_socket failed to initialize, TRANSPORT_INIT(510) Error Updating IAM Role (lambda_exec) Assume Role Policy: MalformedPolicyDocument: Has prohibited field Resource Error: Could not execute bundle monit OSError: [WinError 126] The specified module could not be found in yolo Your bundle is locked to mimemagic (0.3.5), but that version could not be found in any of the sources listed in your Gemfile sitecore System.FormatException: The input is not a valid Base-64 string Secured previously unsecured MongoDB server, but the server is still not requiring authentication: ReferenceError: responseBody is not defined OPENSSL_ROOT_DIR (missing: OPENSSL_CRYPTO_LIBRARY OPENSSL_INCLUDE_DIR) : InvalidArgument: (:) [Remove-Item], ParameterBindingException snykSecurity(tokenCredentialId: 'SNYK_TOKEN', failOnBuild: true, test --docker wp is not defined ruby array push if not exists go docker $GOPATH/go.mod exists but should not The command '/bin/sh -c go mod download go build -o main' returned a non-zero code: 1 Uncaught ReferenceError: loadBackGroundImage is not defined .woff not found error “In fortify.php line 134:Class 'Laravel\Fortify\Features' not found ” Code Answer’s i keep getting error 404 when i load my phaser3 game Drop table operation failed on table 'TableHistory' because it is not supported operation on system-versioned temporal tables. specified enchantment cannot be applied to this itemstack essentialsX win32api dll load failed kernel Class 'BinaryCats\Sku\SkuServiceProvider' not found error: unknown type name ‘uint64_t’ the request hostname is invalid Database access not available. Please use
to establish connection. There's a graph waiting for you. neo4j Requested unknown parameter '0' for row 0, column 0. For more information about this error systemerror pyeval_evalframeex returned a result with an error set Backreferences To Failed Groups RuntimeError: Requested MovieWriter (ffmpeg) not available firebaseuser is deprecated flutter stackoverflow FirebaseDynamicLinks.instance.getInitialLink returnin null typeerror: An error occurred (AccessDenied) when calling the GetObject operation: Access Denied "authorization has been denied for this request."in postman failed: error during websocket handshake: unexpected response code: 400 cv2.imshow("frame",frame) cv2.error: OpenCV(4.4.0) C:\Users\appveyor\AppData\Local\Temp\1\pip-req-build-wwma2wne\opencv\modules\highgui\src\window.cpp:376: error: (-215:Assertion failed) size.width>0 Error: Cannot find module 'stripe' Require stack: No SDKs were found after running dotnet --info test failed test PESQUISAR UM VALOR NO CLIENTDATASET sqlalchemy AttributeError: 'str' object has no attribute 'c' 'PhoenixMiner.exe' is not recognized as an internal or external command, operable program or batch file. usr/bin/ld: skipping incompatible /home/guta/intelFPGA/18.1/hld/host/arm32/lib/libalteracl.so when searching for -lalteracl COPY failed: no source files were specified PhpDebugBar is not defined nginx [1126/200252.514:ERROR:http_transport_win.cc(178)] WinHttpCrackUrl: Åtgärden har slutförts. (0x0) TypeError: insert() missing 1 required positional argument: 'value' "generatedMessage": false, "code": "ERR_ASSERTION", "expected": true, "operator": "==" elixir error logic_error firebase deploy Detailed stack trace: Error: ENOENT: no such file or directory, stat ERROR 1067 (42000): Invalid default value for Failed to download package 'runtime.win10-x86.Microsoft.Net.Native.SharedLibrary.2.1.8' ReferenceError: KhaltiCheckoutWeb is not defined [Errno 13] Permission denied: '/media/images.png' Error: ENOENT: no such file or directory, open 'H:/_netrc' error on line 1 at column 1: document is empty tr: write error: Broken pipe you provided an invalid object where a stream was expected RejectedExecutionException ansible [errno 13] permission denied Can't resolve '@angular/fire/firestore/firestore' psycopg2.operationalerror: ssl syscall error: eof detected formula for error of bisection method TypeError: 'NoneType' object is not iterable Goal requires a project to execute but there is no POM in this directory error: cannot find symbol if (Build.VERSION.SDK_INT >= Build.VERSION_CODES.Q) { modulenotfounderror no module named 'mysqldb' anaconda oserror errno 22 invalid argument docker-compose undefined reference to `curl_global_init' onrequestpermissionsresult not called Error: Error Updating IAM Role (lambda_exec) Assume Role Policy: MalformedPolicyDocument: Missing required field Principal ModuleNotFoundError: No module named 'qrcode' duplicate symbols for architecture x86_64 example AbstractCacheManager how to enable drupal errors to show on webiste encounted error page "Class 'League\\Flysystem\\Cached\\Storage\\AbstractCache' not found fatal: unable to update url base from redirection: Errors were encountered while processing: libglx-mesa0:amd64 error - Target of URI hasn't been generated: Execution failed for task ':app:processDebugResources'. > A failure occurred while executing com.android.build.gradle.internal.tasks.Workers$ActionFacade > Android resource linking failed 'protoc-gen-dart' is not recognized as an internal or external command, operable program or batch file. --dart_out: protoc-gen-dart: An operation is not implemented: not implemented "status": 405, "error": "Method Not Allowed", host name may not be empty android studio ModuleNotFoundError: No module named 'registration' unhandled exception: type pick image error: platformexception(no_available_camera, no cameras available for taking pictures Description Resource Path Location Type Content is not allowed in trailing section. hibernate.cfg.xml /ProjectwithMaven/src/main/java/com/tut line 15 Language Servers Error 401: deleted_client detector\nms\src/nms_cuda.cpp(9): error C3861: 'AT_CHECK': identifier not found alpha pose helm max virtual memory areas vm.max_map_count [65530] is too low, increase to at least [262144] SSLMutex', perhaps misspelled or defined by a module not included in the server configuration AssertionError: expected em to have text serWarning: Possibly corrupt EXIF data. Expecting to read couldnt resolve address for : unknown error Cannot find the specified file.
Make sure the path and filename are correct. the process cannot access the file because another process has locked a portion of the file Method App\Http\Controllers\ApiController::getStudent does not exist. error check variable No such file or directory: 'pkg-static' Partial plugin destroyed ERROR: column "cont_int_id" named in key does not exist LINE 4: primary key (cont_int_id, int_id) ^ 'React/RCTEventDispatcher.h' file not found illegaloperation: attempted to create a lock file on a read-only directory: /data/db, terminating npm run build npm ERR! Missing script: "build" for firebase Shadowed name: 'resolve' (no-shadowed-variable)tslint(1) xampp pdoexception could not find driver firebase dynamic Links safari not able to open the link becuse the link is invalid [IPKernelApp] ERROR | No such comm target registered: hv-extension-comm controller.file is a method which is not valid in the given context standard_init_linux.go:211: exec user process caused "no such file or directory" 'pyrcc5' is not recognized as an internal or external command, operable program or batch file XPathExpressionException when scanning for the autoload mode Could not build Objective-C module 'Firebase' cannot find definition file for video id not found Import " xxx module" could not be resolvedPylance (reportMissingImports) uncaught referenceerror key is not defined codepen uthenticationServices.AuthorizationError error 1000 Caused by: org.tmatesoft.svn.core.SVNException: svn: E175002: unknown host dict not found npm run test TypeError: Cannot read property 'line' of undefined JDWP Transport dt_socket failed to initialize, TRANSPORT_INIT(510) unity microgame argumentexception an item has already been added Type 'T[K]' does not satisfy the constraint '(...args: any) => any'. MissingPluginException(No implementation found for method share on channel flutter_share) exception halding in php Livewire encountered corrupt data when trying to hydrate the [cart.view] component. Ensure that the [name, id, data] of the Livewire component wasn't tampered with between requests. app/Controllers/Home.php 404 Page Not FoundThe page you requested was not found Could not resolve type with token 01000013 from typeref http flutter package not working when i build apk libboost_thread.so.1.72.0: cannot open shared object file: No such file or directory spring An established connection was aborted by the software in your host machine err_connection_refused socket io erreur de segmentation (core dumped) ln: failed to create symbolic link '/mydrive/MyDrive': Input/output error NameError: name 'array' is not defined pika.exceptions.channelclosedbybroker: (406, "precondition_failed - inequivalent arg 'durable' for queue 'fx-naas' in vhost 'fx': r KeyError The type or namespace name 'IConfiguration' could not be found UsersremiaOneDriveBureauProjet1: command not found Editor/ARKitBuildProcessor.cs(108,71): error CS1729: 'ShaderKeyword' does not contain a constructor that takes 2 arguments w tensorflow/stream_executor/platform/default/dso_loader.cc:59] could not load dynamic library Exception has occurred: SystemExit usage: setup.py [global_opts] cmd1 [cmd1_opts] [cmd2 [cmd2_opts] ...] or: setup.py --help [cmd1 cmd2 ...] or: setup.py --help-commands or: setup.py cmd --help error: no commands supplied ModuleNotFoundError: No module named 'browsermobproxy' Exception erreur firebase installations service is unavailable. please try again later Error: "assume_role_policy" contains an invalid JSON: invalid character '"' after array element bpy: couldn't find 'scripts/modules', blender probably wont start. /usr/bin/nvidia-modprobe: unrecognized option: "-s web http code for not found mvvmlight System.Exception: Cannot find resource named 'Locator'. Resource names are case sensitive. Warning: 2 possible package resolutions (only showing differing packages): @firebase/database: FIREBASE WARNING: update at /users failed: permission_denied Failure/Error: get :show ActionController::UrlGenerationError: No route matches {:action=>"show", :controller=>"questions"} style/DeviceCredentialHandlerTheme) not found. Could not find a part of the path 'E:\Projects\Server Migration Projects\AndrianBus-U8\Adrian-Bus\AdrianBus\bin\roslyn\csc.exe'. $GOPATH/go.mod exists but should not firemonkey undeclared TConnLostCause smtp error: could not authenticate. hostinger function undefined error in internet explorer net::err_incomplete_chunked_encoding 404 after update from net core 2.2 to 3.1 erlang {error,{"no such file or directory" .app Some conflicting dependencies were found. The following dependency versions were modified: com.android.support:appcompat-v7:25.3.1 java.sql.SQLNonTransientConnectionException: Public Key Retrieval is not allowed Payumoney Could not save Webhook. There was an exception posting data to the url. HTTP call status: 419 "ctx":"initandlisten","msg":"Failed to unlink socket file","attr":{"path":"/tmp/mongodb-27017.sock","error":"Operation not permitted"}} SSLError(SSLCertVerificationError always coming mac cross env not found ah00111: config variable ${apache_run_dir} is not defined zoom sdk not initialized ERROR: Failed building wheel for typed-ast could not find manifest for ios-webkit-debug-proxy Execution failed for task ':app:checkDebugDuplicateClasses'. > A failure occurred while executing com.android.build.gradle.internal.tasks.CheckDuplicatesRunnable could not autowire no beans of type found java.util.concurrent.CancellationException showing in suggestion authexception undefined angular An accessor cannot be declared in an ambient context. rerun failed test in testng An error occurred. Please try again later. (Playback ID: 7pLt1C_eC0fttL2n) invalid element state in selenium 'class WiFiClient' has no member named 'verify' sh: /Applications/PyCharm: No such file or directory koa-router 404 not found cannot find definition file for actions details media type test failed. login denied zabbix cURL error 7: Failed to connect to localhost port 80: Connection refused (see https://curl.haxx.se/libcurl/c/libcurl-errors.html) for http://localhost/oauth/token is an executable program. for safety it will not be started Error: listen EADDRINUSE: address already in use :::3001 Could not get unknown property 'android' for project ':app' of type org.gradle.api.Project laradock xdebug launch.json Vagrant RawFile failed to create the raw output file file:///c:/users/dell/appdata/local/temp/temp1 buildpack.zip/buildpack/office16/ospp.htm Type error: Argument 1 passed to Illuminate\Auth\EloquentUserProvider::validateCredentials() could not connect to aws instance java.net.malformedurlexception: no protocol: Unknown opcode when loading model in keras catch (ArgumentNullException) cannot start database server xampp mac os pdoexception::("could not find driver") unity object not set to an instance of an object nginx ab test ssl failed The method 'signInWithGoogle' isn't defined for the type 'FirebaseAuth'. pika.exceptions.channelclosedbybroker: (406, "precondition_failed - inequivalent arg 'durable' for queue Message could not be sent. Mailer Error: SMTP Error: data not accepted.SMTP server error: DATA END command failed Detail: h8alkc4CZK9H0 Spam Rejected No such file or directory. Error code: 2 Error message from server (en): File not found error 400 bad request payfast ps command not found debian Error: [messaging/unknown] FIS_AUTH_ERROR] react native System.UnauthorizedAccessException: Access to the path l +xamarin forms android error: mysql shutdown unexpectedly. nginx: [emerg] bind() to [::]:4433 failed (13: Permission denied) Unable to connect to the MongoDB datasource with host 127.0.0.1, port 27017. java.io.IOException: Cleartext HTTP traffic to api.openweathermap.org not permitted CONFIG_X86_X32 enabled but no binutils support java.lang.IllegalArgumentException: @Field parameters can only be used with form encoding. (parameter #1) There is no public key available for the following key IDs: could not find module "@angular-devkit/build-angular" Uncaught Error: Class 'NOOP_Translations' not found ERROR: Could not find a version that satisfies the requirement khabar>=1.1.3 (from cluster ensembles) (from version: 1.0) ERROR: No matching distribution found for hyper>=1.1.3 RemoteConnection failed to initialize: RemoteConnection failed to open pipe jvm not created dockerfile error Invariant Violation: Must contain a query definition. confluent kafka ERROR Fatal error during KafkaServer startup prepare to shutdown could not connect to websocket endpoint ws://localhost:4000/graphql. please check if the endpoint url is correct. 4.7.2. Compound Assignment Operators¶ Error running adb No hint path defined for [mail]. Unable to create file (unable to open file: name = 'model_2020-07-31 17:30:22.924235.hdf5', errno = 22, error message = 'Invalid argument', flags = 13, o_flags = 302 Forward map FAILED: Has an address record but no DHCID, not mine. django.db.utils.operationalerror: (2003, "can latin failure is not an option cannot find symbol BroadcastReceiver import HTTP ERROR 403 No valid crumb was included in the request\ Creating default object from empty value in file C:\xampp\htdocs\QueueY\app\Http\Controllers\AuthController read access violation. _Pnext was 0xFFFFFFFFFFFFFFFF. error running `xcrun simctl list devices --json`: you may need to run sudo xcode-select -s /applications/xcode.app and try again. failed to build h5py apexcharts.min.js:6 Possible Unhandled Promise Rejection: TypeError: Cannot read property 'labels' of undefined ModuleNotFoundError: No module named 'resnet' site:stackoverflow.com gradle failed to build capacitor.settings.gradle' as it does not exist. Browser: driver mechanize has been destroyed You have a missing class import. Try importing this class: League\Flysystem\Cached\Storage\Memcached Publishable packages can't have path dependencies. Try adding a 'publish_to: none' entry to mark the package as not for publishing or remove the path dependency. error launcher chromeheadless failed 2 times (cannot start). giving up E: Failed to fetch http://security.ubuntu.com/ubuntu/dists/bionic-security/main/binary-arm64/Packages
404
Not Found [IP: 91.189.88.152 80] MovieRepository testDome Error: Directory not empty @ dir_s_rmdir - /usr/local/Cellar/python/3.7.3 fatal error: stdio.h: Ficheiro ou pasta inexistente mysqldump error --no-beep android resource linking failed flutter class not found exception antlr bean not found routines:ssl3_get_record:wrong version number:c:\ws\deps\openssl\openssl\ssl\record\ssl3_record.c:332 laravel error not responding well systemctl start httpd Error: No space left on device --compile --user --prefix=" failed with error code 1 in /tmp/pip-build-nmT4k7/psycopg2/ KnexTimeoutError: Knex: Timeout acquiring a connection. The pool is probably full. Are you missing a .transacting(trx) make[1]: [scripts/Makefile.lib:196: scripts/kconfig/zconf.tab.c] Error 127 make: *** [Makefile:534: bb.org_defconfig] Error 2 root@192.168.4.89:/usr/src/linux-4.19.94-ti-rt-r61# './docker-compose.yml' is invalid because it contains an invalid type, it should be a string google authorization error 403 disallowed_useragent cordova assertDatabaseMissing FIS_AUTH_ERROR has no attribute 'presence_of_elements_located' if (! File::exists(public_path()."uploads/properties")) {
File::makeDirectory(public_path()."uploads/properties"); } cucumber TypeError: Cannot read property 'line' of undefined cosmos db The input content is invalid because the required properties - 'id; ' - are missing appdata/local/microsoft/windowsapps/python: permission denied could not connect to RDS instance signaling init process caused permission denied libc-bin error error ng8001 to allow any element add 'no_errors_schema' to the '@ngmodule.schemas' of this component. Content Server Request Failed Error Unable to download '(null)' Assets\scrips\control.cs(21,61): error CS1003: Syntax error, ',' expected erro Permission denied com.zaxxer.hikari.util.DriverDataSource
: Registered driver with driverClassName=com.mysql.jdbc.Driver was not found, trying direct instantiation. 'nuget.exe' is not recognized as an internal or external command, the ssl connection could not be established, see inner exception. #No_IDenTity what is proxy integration api not converting base64 to binary reason: failed to load driver class com.mysql.cj.jdbc.driver in either of hikariconfig class loader or thread context classloader pem file is too open [Running] scriptcs "c:\Users\Aaditya Joshi work\Documents\Aaditya Joshi\tempCodeRunnerFile.csharp" 'scriptcs' is not recognized as an internal or external command, operable program or batch file. ERROR: for web server Cannot start service web server: OCI runtime create failed: cv2.error: OpenCV(4.3.0) /io/opencv/modules/imgproc/src/drawing.cpp:2374: error: (-215:Assertion failed) p.checkVector(2, CV_32S) >= 0 in function 'fillPoly' minio /opt/bitnami/scripts/libminio.sh: line 273: /data/.access_key: Permission denied fatal: repository 'https://github.com/zakipoint/zConnectMobile.git/' not found commandFile.run is not a function TypeError: Cannot read property 'RecId' of undefined app script logger: socket /dev/log: No such file or directory Cannot read property 'autoplayHoverPause' of null fail on missing web xml plugin to add in spring-boot-maven-plugin "E: Unable to locate packet snort" PHP Fatal error: Call to undefined function factory() in Psy Shell code on line 1, LARAVEL 8 Issue solved Error: ENOENT: no such file or directory, open '/tmp//var/lib/update-notifier/dpkg-run-stamp' ERROR in Please check your GenerateSW plugin configuration: "glob Patterns" is not a supported parameter. configure: error: Could not find /usr/lib/libsybdb.a|so Exception: Please correct the pubspec.yaml file at ./pubspec.yaml localhost ERROR 2006 (HY000) at line 1163: MySQL server has gone away error: not well-formed (invalid token) bash: rspec: command not found System.PlatformNotSupportedException compiler error handling in vue firebase net::ERR_CONNECTION_TIMED_OUT webdev: command not found fatal: cannot do a partial commit during a merge. fatal error: no supported authentication methods available (server sent: publickey) could not autowire no beans of type found in springbootapplication ue4 null error system.componentmodel.win32exception how to fix error laravel log could not be opened handlebar TypeError: Cannot convert undefined or null to object email handlebar firebase OS Error: Connection refused, errno = 111, address = 127.0.0.1, port = 43350 molecule test {'lint': ['must be of string type']} how can i resolve these please? b'\xd8\xa7\xd9\x8e\xd9\x84\xd9\x92\xd8\xb9\xd9\x8e\xd8\xb1\xd9\x8e\xd8\xa8\xd9\x8e\xd9\x8a\xd9\x8e\xd8\xa9\xd9\x8f' document is not defined error in server side rendering intellij cannot use assertThat C map check if key exists har-validator@5.1.5: this library is no longer supported Curl error (7): Couldn't connect to server for https://cdn.redhat.com/content/dist/rhel8/8/x86_64/baseos/os/repodata/repomd.xml [Failed to connect to cdn.redhat.com port 443: No route to host] sayHello(); error: Uncaught ReferenceError: sayHello is not defined make migrations TypeError: argument of type 'WindowsPath' is not iterable failed to save NoPermissions (FileSystemError): Error: EACCES: permission denied, Problem: signature_invalid | Advice: > | necessarAndroid SDK does not include your Target SDK of 28. inSdkVersion 16 cannot be smaller than version 21 declared in library [:appcenter webpack Error: Cannot find module 'readable-stream/passthrough' Error: pg_config executable not found in Windows pycharm Could not refresh actions for navigator org.jenkinsci.plugin.gitea.GiteaSCMNavigator@69ec289c org.jenkinsci.plugin.gitea.client.api.GiteaHttpStatusException: HTTP 404/Not Found spi.open(0,1)	 FileNotFoundError: [Errno 2] No such file or directory msg2 = driver.find_elements_by_xpath('//*[@id="cdk-overlay-3"]/snack-bar-container/app-kount-snackbar/span').getText() if msg2 == : System.out.print("[>>>Live CC<<<]"+msg2) else System.out.print("Dead CC"+msg2) firebase !
[W] undefined:undefined - Ruleset uses old version (version [1]). Please update to the latest version (version [2]). One or more errors occurred. (A connection was successfully established with the server, but then an error occurred during the pre-login handshake. (provider: TCP Provider, error: 0 - An existing connection was forcibly closed by the remote host.)) flutter sharedpreferences missingpluginexception volley io no connecction error xampp the application was unable to start correctly MySql.Data.MySqlClient.MySqlException (0x80004005): Table 'Cards' already exists php error reporting Task 'projectReport,' not found in root project 'icepdf-os'. Some candidates are: 'projectReport'. Uncaught ReferenceError:
is not defined speing mvc dkim.verify(email_message) TypeError: expected string or bytes-like object macos socketexception syntax error, unexpected '-&gt; you are not allowed to manage 'ela-attach' attachments error: syntax error, unexpected END-IF UnhandledPromiseRejectionWarning: TypeError: Only absolute URLs are supported Resource and asset merger: Duplicate resources TypeError: Argument 1 passed to Drupal\Core\Entity\EntityViewBuilder::view() must implement interface which exception type cannot be caught ValueError: I/O operation on closed file. libc-bin error #2 send error to a file flutter insecure http is not allowed by platform the term 'install-sitecore configuration' is not recognized couldn't open showimage no such file or directory NameError: name 'onehotencoder' is not defined With a non-standard origin, Homebrew won't update properly. You can solve this by setting the origin remote: pgadmin4 404 not found nginx chrome
net::ERR_CONNECTION_RESET 200 websocket._exceptions.WebSocketBadStatusException: Handshake status 500 Internal server error pmc not recognising migration extra error Django + React integration Template does not exist dpkg: unrecoverable fatal error, aborting: files list file for package 'libhdf5-dev' contains empty filename com.adobe.forms.aem.impl.XFANativeServiceImpl Exception:0 : Unhandled exception in PAexecute82 @EnableAuthorizationServer deprecated Method Illuminate\Support\Collection::links does not exist. error: ‘va_start’ was not declared in this scope a fatel error occurred liobrary hostfxr.dll not found no matches for kind "Ingress" in version "networking.k8s.io/v1" netbeans apache This feature is not yet enabled. Press Next to activate it. launch:program does not exist Error NU5012: Unable to find bin\Release dll Make sure the project has been built. see the log file error in eclipse Node js spawn process A problem occurred configuring project ':app'. > groovy.lang.MissingPropertyException: No such property: ABI for class: org.gradle.api.tasks.OutputFile Unable to init server: Could not connect: Connection refused (gedit:7575): Gtk-WARNING **: 10:17:11.806: cannot open display: UnhandledPromiseRejectionWarning: WebDriverError: invalid session id SQLSTATE[23000]: Integrity constraint violation: 1052 Column 'id' in field list is ambiguous ModuleNotFoundError: No module named 'debug_toolbar' heorku deployment The project: ioapplet which is referenced by the classpath, does not exist. rabbitmq Error (argument validation): too many arguments. ttributeError: 'function' object has no attribute 'objects' vlookup if not found try another vlookup flutter local notifcations asyn error Could not lock PID file [/tmp/zabbix_agentd.pid]: [11] Resource temporarily unavailable clang: error: linker command failed with exit code 1 (use -v to see invocation) An ambient transaction has been detected. The ambient transaction needs to be completed before beginning a transaction on this connection. vendor/bower-asset/jquery/dist missing EnableGlobalMethodSecurity Unknown collation: 'utf8mb4_0900_ai_ci' drupal BDB0087 DB_RUNRECOVERY: Fatal error, run database recovery nameerror name 'equalto' is not defined Invalid element name: - dependency One of the following is expected: - parent - packaging - name - description - url - inceptionYear - organization - licenses - developers - Can't locate API module structure `php7_module' in file C:/php/php8apache2_4.dll: why testing failed test feign error decoder not working package system does not exist ENOENT: no such file or directory, open '//data.trie' Exception in thread "main" org.openqa.selenium.WebDriverException: unknown error: cannot find Chrome binary maven invalid flag: --release [Unhandled promise rejection: Error: SERVER_ERROR: [code] 1675030 [message]: Error performing query. [extra]: ] mqtt Error: Address not available Unity Photon not able to connect with custom Room Failed to resolve loader: worker-loader ERROR: os-sys has an invalid wheel, could not read 'os sys-1.9.3.dist-info/WHEEL' file: KeyError("There is no item named 'os sys-1.9.3.dist-info/WHEEL' in the archive") The metadata storage is not up to date, please run the sync-metadata-storage comman d to fix this issue. how do i fix cannot create work tree dir permission denied No member named 'empty' in 'Patient' do moorhens still exist? Angular error 404 when copying dist to webserver Error: watch /home/frappe/frappe-bench/apps/frappe/frappe/public/less/variables.less ENOSPC The repository 'https://artifacts.elastic.co/packages... stable Release' does not have a Release file. phpmyadmin throws a 404 on opening fatal: couldn't find remote ref refs/heads/master syntax error : missing ';' before '*' Microsoft.ACE.OLEDB.12.0;Data Source= "ACE is not a member of micorsoft" Uncaught TypeError: Cannot read property 'beginPath' of undefined Uploading is not possible. App measurement disabled checksum error prevent pass null parameter in constructor dart Type mismatch. Required: CallAdapter.Factory! Found: MoshiConverterFactory! Can't locate path: <C:\xampp\htdocs\B2B\B2B-1.1.0\packages\Itec\Sales\src/resources/database/migrations [ERROR:flutter/lib/ui/ui_dart_state.cc(186)] Unhandled Exception: Bad state: Insecure HTTP is not allowed by platform: http://worldtimeapi.org/api/timezone/Asia/Kolkata mule 4 headers is not allowed to be child of element error-response Method App\Http\Controllers\UserController::loadVie does not exist no matching service worker issue helm3 global: imagePullSecrets: - name: regcred the file is not digitally signed powershell string(230) "{"language":"en","subType":"","compositeType":"","errorCode":"accessDenied.signature Mismatch","exception":"test_8HG2BT","message":"Invalid API authentication. Signature Mismatch","type":"AccessDeniedException","transient":false}" This configuration section cannot be used at this path. This happens when the section is locked at a parent level. Locking is either by default (overrideModeDefault="Deny") ValueError: unknown locale: UTF-8 Error: spawn ./gradlew EACCES at Process.ChildProcess._handle no application app licenses found Cannot find module '../xcode' Require stack The configuration section 'log4net' cannot be read because it is missing a section declaration java.lang.RuntimeException: cannot find implementation redis-server.service: Can't open PID file /run/redis/redis-server.pid (yet?) after start: Operation not permitted NOT FOUND error importTsv SyntaxError: (hbase):4: syntax error, unexpected ',' filename not matched: /usr/local/ignition/ The value "h1" for key "width" is invalid, and has been ignored. error The application “Anaconda-Navigator” can’t be opened.The application “Anaconda-Navigator” can’t be opened. Could NOT find Boost (missing: filesystem) helm not equal how to send an error message unity failed to set the Cannot resolve method 'getSystemService' in Broadcast class null exception laravel-filemanager not working npm WARN notsup SKIPPING OPTIONAL DEPENDENCY: Unsupported platform for fsevents@1.2.13: wanted cannot execute binary file exec format error stack overflow cURL error 7: Failed to connect to localhostport 80: Connection refused (see https://curl.haxx.se/libcurl/c/libcurl-errors.html) What is the reason of having this sdkclientexception connection timed out exception file ignored because of a matching ignore pattern. use "--no-ignore" to override sequelize-auto : The term 'sequelize-auto' is not recognized as the name of a cmdlet, function, script file, or operable program. Check the spelling of the name, or if a path was included, verify that the path is correct and try again. modulenotfounderror no module named 'setuptools_rust' ansible InvalidArgumentException] Could not find package maatwebsite/excle. Module not found: Error: Can't resolve 'laravel-echo' in 'D:\Open Server\domains\laraveluzh.loc\resources\js' how specify authentication not required for for folder in htaccess folder stackoverflow ModuleNotFoundError: No module named 'secp256k1._libsecp256k1' kali xml.parsers.expat.expaterror: not well-formed (invalid token): line 1, column 0 rails notprecompiled NullpointerException while autowire Permissions for 'xxx.pem' are too open. It is required that your private key files are NOT accessible by others. Error connecting to Redis on localhost:6379 (Errno::ECONNREFUSED) (Redis::CannotConnectError) unityads/unityads.h file not found Assertions in selenium Failed to open file error: 2 about_Execution_Policies at http://go.microsoft.com/fwlink/?LinkID=135170. At line:1 char:1 + live-server --port=9000 + ~~~~~~~~~~~ + CategoryInfo : SecurityError: (:) [], PSSecurityException + FullyQualifiedErrorId : UnauthorizedAccess Row's children must not contain any null values, but a null value was found at index 1 cudatoolkit 11.1 not found Execution failed for task ':android:validateSigningDebug'. > as_sys_sec_alg_ideaCBC There is no method 'Filter' on type 'Sitecore.ContentSearch.Linq.QueryableExtensions' elementnotvisibleexception selenium error ‘sdl_blitscaled’ library DioError [DioErrorType.DEFAULT]: HandshakeException: Handshake error in client (OS Error: I/flutter (28831): CERTIFICATE_VERIFY_FAILED: self signed certificate(handshake.cc:354))\ <OpenAPI_ServiceResponse> <cmmMsgHeader> <errMsg>SERVICE ERROR</errMsg> <returnAuthMsg>SERVICE_ACCESS_DENIED_ERROR</returnAuthMsg> <returnReasonCode>20</returnReasonCode> </cmmMsgHeader> </OpenAPI_ServiceResponse> if self.quitting: raise BdbQuit in classbased view stylelint config Error: ENOENT: no such file or directory Can't find bundle for base name /resources/dbconfig.properties, locale en_US RuntimeError:
Unknown version "6.1" syntax error: ; expected could not initialize sdl(no available video device) - exiting adb default location rnimagepicker error This library does not require Manifest.permission.CAMERA, if you add this permission in manifest then you have to obtain the same. ReferenceError: require is not defined site:stackoverflow.com Error on "=" Consider adding "Expression" Attempted to load class “WebProfilerBundle” from namespace “Symfony\Bundle\WebProfilerBundle” when deploying on Heroku using development dependencies java.net.NoRouteToHostException,Non HTTP response message: Cannot assign requested address (Address not available) pg_ctl: could not start server examine the log output. verifyReleaseResources FAILED the selected build configuration is using the shared mono - Device is currently in the unknown state netmgr
: Failed to open QEMU pipe 'qemud:network': Invalid argument \'trunk' is not a complete URL and a separate URL is not specified error statuslogger log4j2 could not find a logging implementation unresolved compilation error int test[5] = {1, 2, 3, 4, 5} published net core did not have wwwroot Uncaught ReferenceError: scrollOut is not defined (node:3644) UnhandledPromiseRejectionWarning: TypeError [EMOJI_TYPE]: Emoji must be a string or GuildEmoji/ReactionEmoji creation of wallet errored: Cannot convert undefined or null to object (PG::UndefinedTable: ERROR: relation "contacts" does not exis test the application if the requirements are not available Cannot configure From email address for default email configuration (Service: AWSCognitoIdentityProviderService; Status Code: 400; Error Code: InvalidParameterException; Request ID /Users/sanguine/Tutorial/c_web/Fresh/Fresh/Fresh.csproj: Error MSB4236: The SDK 'Microsoft.NET.Sdk' specified could not be found the 'package' argument is required to perform a relative import for 'statusBarFrame' was deprecated core.js:5592 WARNING: sanitizing unsafe URL value release pipeline cannot access artifact failure configuring LB attributes: ValidationError: Access Denied for bucket: yesb-stack-s3-bucket. Please check S3bucket permission unity psd importer not working AttributeError: 'Network' object has no attribute GeneratedPluginRegistrant.m:10:9: fatal error: module 'cloud_firestore' not found @import cloud_firestore; popperjs error after laravel - bootstrap 5 installation const fs = require('fs'); const fileName = process.argv[2]; readFile(fileName, 'utf8', (error, data) => { if (error) { console.error(error.message); return; } console.log(data); /var/tmp/rpm-tmp.issTeS: line 37: $'\r': command not found Unhandled exception in thread started by <function check_errors.<locals>.wrapper at 0x10b6b3510> Traceback (most recent call last): File "/Library/Python/3.7/site-packages/django/utils/autoreload.py", line 225, in wrapper Call to undefined method Illuminate\Database\Query\Builder::getAuthIdentifierName() failed to run perl qt ERROR: duplicate key value violates unique constraint statuslogs_pkey DETAIL: Key (id)=(1621) already exists. ImportError: cannot import name 'WebSocketApp' from 'websocket' Failed to open initctl fifo: Permission denied Failed to talk to init daemon. nodemon not detect any file chages in linux laravel-filemanager 404 error raise errors.InternalError("Unread result found") npm WARN notsup SKIPPING OPTIONAL DEPENDENCY: Unsupported platform for fsevents@2.1.3: wanted {"os":"darwin","arch":"any"} (current: {"os":"win32","arch":"x64"}) elasticsearchexception[failed to bind service]; nested: accessdeniedexception ERROR: Could not send notifications com.cloudbees.jenkins.plugins.bitbucket.api.BitbucketRequestException: HTTP request error. Status: 403: Forbidden. ioredis exists Unexpected lock protocol found in lock file. Expected 3, found 0. enable ph errors could not reach cloud firestore backend 'event2/event-config.h' file not found 2020-11-12 20:16:12.200 16641-16641/eniso.IA22.tp1X E/ActivityThread: Failed to find provider info for com.huawei.hiaction.provider.HiActionManagerProvider this app is not allowed to query for scheme fb-messenger" error Cannot set property 'visibility' of undefined ActiveRecord::NoDatabaseError error 401 problem accessing '/1.1/statuses/simple.json?stall_warnings=true ArgumentException: Object at index 0 is null unity org.apache.commons.dbcp.sqlnestedexception: cannot create poolableconnectionfactory functionality which not in the requirements no such element exception selenium Error: Encountered bad status code (400) for https://d2ql0qc7j8u4b2.cloudfront.net/integration-cordova.tar.gz Failed assertion: 'constraints.hasBoundedWidth': is not true. carla X Error of failed request: BadDrawable (invalid Pixmap or Window parameter) could not load file or assembly element not visible exception selenium ERROR: File /usr/share/logstash/Gemfile does not exist or is not writable, aborting Print: Entry, ":CFBundleIdentifier", Does Not Exist import _tkinter # If this fails your Python may not be configured for Tk ImportError: libtk8.6.so: cannot open shared object file: No such file or directory NameError: name 'optim' is not defined "when run flutter doctor in cmd show error ""some android studio licence is not accepted " amqp.exceptions.PreconditionFailed: Queue.declare: (406) PRECONDITION_FAILED - inequivalent arg 'x-expires' for queue 'celery@RB-Dev.celery.pidbox' in vhost '/': received none but current is the value '10000' of type 'signedint' MinigetError: input stream: Status code: 429 cannot import name 'ImageTk' from 'PIL' fedora bash: bundle: command not found template might not exist or might not be accessible by any of the configured Template Resolvers /vendor/phpunit/phpunit/phpunit' is not recognized curlftps Error connecting to ftp: Access denied: 530 your bundle is locked to mimemagic (0.3.5) adb: sideload connection failed: recovery mode android error in array Checking the license for package Android SDK Build-Tools 28.0.3 in /home/ ReferenceError: globalThis is not defined gnutls_handshake() failed: error in the pull function Flutter http package does not exist bablify not found java stack verification failed tsconfig old file not found psql: error: could not connect to server: could not connect to server: no such file or directory fatal error: [ec2-user@ip- *]$
* : * : command not found The X11 connection broke: Maximum allowed requested length exceeded (code 4) ImageManagerStatic not found com.thoughtworks.xstream.mapper.CannotResolveClassException: com.michelin.cio.hudson.plugins.rolestrategy.RoleBasedAuthorizationStrategy intellij cannot access -4048 EPERM npm error WSL2 request to https://registry.npmjs.org/yarn failed, reason: getaddrinfo EAI_AGAIN registry.npmjs.org E: Unable to locate package ros-noetic-depthimage-to-laserscan gorm preload unscoped please check gdb is codesigned - see taskgated(8) com.netflix.zuul.exception.ZuulException: Forwarding error System.StackOverflowException HResult=0x800703E9 Source=<Cannot evaluate the exception source> StackTrace: <Cannot evaluate the exception stack trace> Class 'App\Models\DB' not found enoself error error: No file attributes configured I/System.out: ep: android.os.NetworkOnMainThreadException unable to find binary in default location, no 'moz:firefoxOptions.binary Error: Unable to find a match: ansible Unable to resolve host "www.googleapis.com":No address associated with hostname logstash-plugin undefined method `headers' raise httperror(req.full_url, code, msg, hdrs, fp) urllib.error.httperror: http error 503: service unavailable exception selenium aspnet_regiis not recognized MPI_STATUS_IGNORE docker.errors.DockerException: Error while fetching server API version: ('Connection aborted.', PermissionError(13, 'Permission denied')) No module named 'traitlets' the http //repo.packagist.org/p/illuminate/ coud not download Solved: Issue access VMs - "The virtual machine appears to be in use"?? Assert Violation: Invalid template iteration for value `[object Object] do i need to add package-lock.json to git dyld: lazy symbol binding failed: Symbol not found: _OPENSSL_add_all_algorithms_noconf W: GPG error: https://dl.yarnpkg.com/debian stable InRelease: The following signatures were invalid: EXPKEYSIG 23E7166788B63E1E Yarn Packaging <yarn@dan.cx> auth.js:295 Uncaught ReferenceError: global is not defined at Object.5paC Could not find method kapt() for arguments heroku error 500 with bonsai permission denied: unknown Error: getaddrinfo ENOTFOUND "0.0.0.0" redis docker Service has no ExecStart=, ExecStop=, Animated node with tag 1 does not exist libcurl error when cooking ue4 MongoParseError: URI does not have hostname, domain name and tld E: Unable to acquire the dpkg frontend lock (/var/lib/dpkg/lock-frontend), are you root? warning: The iOS deployment target 'IPHONEOS_DEPLOYMENT_TARGET' is set to 8.0, but the range of supported deployment target versions is 9.0 to 14.2.99. (in target 'GoogleSignIn' from project 'Pods') sdk location not found. define location with an android_sdk_root environment variable TypeError: 'int' object is not iterable local variable 'distro_name' referenced before assignment at=error code=h10 desc="app crashed" method=get path="/" host ValueError: Input 0 is incompatible with layer model: expected shape=(None, 224, 224, 3), found shape=(32, 224, 3) DevTools failed to load SourceMap: Could not load content for http://127.0.0.1:8000/bootstrap-select.min.js.map: error 404 not found 408 error AttributeError: 'NoneType' object has no attribute io.UnsupportedOperation: not writable SSL certificate problem: unable to get local issuer certificate RROR 1698 (28000): Access denied for user 'root'@'localhost [error:flutter/lib/ui/ui_dart_state.cc(177)] unhandled exception: missingpluginexception(no implementation found for method share on channel plugins.flutter.io/share) TypeError: Class constructor Home cannot be invoked without 'new' permission denied (publickey,gssapi-keyex,gssapi-with-mic,password). swift_transportexception expected response code 250 but got code "530", with message "530 5.7.1 authentication required " failed to load resource the server responded with a status of 400 () syntaxerror: unexpected end of input There is already an open DataReader associated with this Connection which must be closed first. The method '[]' was called on null. Receiver: null Tried calling: [](0) flutter Connection could not be established with host smtp.gmail.com :stream_socket_client(): unable to connect to tcp://smtp.gmail.com:587 (Network is unreachable) command not found: shopt exception sigfpe error TypeError: Cannot read property 'push' of undefined npm mysqli::real_connect(): (hy000/2002): connection refused RuntimeError: Failed to process string with tex because latex could not be found assert vs verify NameError: name 'webdriver' is not defined TypeError: index() missing 1 required positional argument: 'doc_type' [Violation] 'requestIdleCallback' handler took <N>ms Invalid depfil NameError: name 'ggt' is not defined The "RazorTagHelper" task failed unexpectedly. lombok builder is not public TypeError: passport.use is not a function bitbucket permission denied (publickey). fatal: could not read from remote repository. nullpointerexception TypeError: Cannot read property 'length' of null open cverror: (-215:Assertion failed) src.type() == CV_8UC1 in function 'cv::adaptiveThreshold' zsh: command not found: code how to rerun failed test in testng Network initialization failed Cannot access 'stats' before initialization clion cannot open output file permission denied Target class [ExamSeeder] does not exist. The namespace already contains a definition for unity Failed to find .env file at default error during websocket handshake: unexpected response code: 502 IOException; must be caught or declared to be Namespace 'firebase' has no exported member 'default' you failed to push some refs to git Error connecting to the service protocol condahttperror: http 000 connection failed for url <https://repo.anaconda.com/pkgs/main/win-64/current_repodata.json> zsh: command not found: adb Can't open C:\ci\openssl_1581353098519\_h_env\Library/openssl.cnf for reading, No such file or directory 'nodemon' is not recognized as an internal or external command, operable program or batch file. Docker error response from daemon: manifest for jenkins latest not found testng rerun failed tests Unable to find package 'Microsoft.VisualStudio.TestTools.UnitTesting IDE1006 (Naming rule violation) error problem chrome-error://chromewebdata/ exception from hresult: 0x80131040 opencv(4.4.0) c:\users\appveyor\appdata\local\temp\1\pip-req-build-71670poj\opencv\modules\imgproc\src\color.cpp:182: error: (-215:assertion failed) !_src.empty() in function filetype:env "DB_PASSWORD" after:2019 "assuming the servlet is configured properly" There is no extension able to load the configuration for "_translation_webui" errno 123 flutter FileNotFoundError: [Errno 2] No such file or directory: 'ssdeep': 'ssdeep' Duplicate interface definition for class 'FBSDKAccessToken' monit: error connecting to the monit daemo 'AppKit/AppKit.h' file not found Module mpm_prefork is enabled - cannot proceed due to conflicts. It needs to be disabled first! xamarin await PullAsync The request could not be completed.
(Resource Not Found) Dependency is not satisfiable: realpath telerik DataErrorsChangedEventArgs
error API.TaskCombatPed(Enemy, Target.Guard, 0, 16); javax.persistence.EntityNotFoundException: Unable to find
spring save repository "Error: pg_config executable not found." cloudinary error relation active storage blobs does not exist Instance method 'onReceive(_:perform:)' requires that 'Binding<String>' conform to 'Publisher' macos catalina fatal error: 'stdio.h' file not found Member shr4.o is not found in archive in AIX 7.2 how to add the package containing the executable pg_config not works in CustomExceptionHandler because in DefaultHandlerExceptionResolver 'Exception' is ambiguous, imported from the namespaces or types 'System, Microsoft.Office.Interop.Outlook'. The Dev Hub org cannot be deleted. ERROR: Service 'webapp' failed to build : When using COPY with more than one source file, the destination must be a directory and end with a / runonuithread not found The namespace '<global namespace>' already contains a definition for stackoverflow errno: -28, syscall: 'watch', code: 'ENOSPC', path: '/root/world-music-web/public', filename: '/root/world-music-web/public' No roam key found devise first_name can't be blank when it's not error: cannot find symbol public class AssetProvider extends FileProvider dpkg: error processing package newrelic-infra (--configure): authorization failed or requested resource not found in oracle cloud OSError: PortAudio library not found site:stackoverflow.com No valid crumb was included in request for /plugin/swarm/create Slave by swarm.node. Returning 403 Plugin [id: 'com.bmuschko.tomcat'] was not found in any of the following sources: OrientDB.ConnectionError [10] addMediaFromBase64 not working Failed to apply plugin [class 'com.google.gms.googleservices.GoogleServicesPlugin'] site:stackoverflow.com xamarin forms plugins.ble GattCallback error 133 hdbcli.dbapi.Error: (-10104, 'Invalid value for KEY, directory search path: how to set include package parameter in error prone command line gps access is not granted or was denied Bad state: Unexpected diagnostics: ng serve ---Mg:server fundamental
error the import org.hamcrest.matchers cannot be resolved loginurl attribute is not allowed error in web config pam_unix(vsftpd:auth): Couldn't open /etc/securetty: No such file or directory xcode archive disabled what does tbh & idk mean how to keep page from scrolling sideways ng generate component in subfolder matrix latex pemantauan in english how to make array uniq adding resources pom.xml coldfusion loop structure bootstrap script delete conda environment apache enable mod headers PANIC: Missing emulator engine program for 'x86' CPU. unity random range how to use grepper bootstrap4 navbar flutter sign apk switch tab in selenium String Formatting with the % Operator shortcut icon how to set fillstyle color in hexadecimal how to find a list of columns containing null values delete an item from db collection mongodb client.user.setActivity("YouTube", {type: "WATCHING}) docker build supress build output What is (object sender, EventArgs e) mathf.ceil google imovie export mp4 udg:///dev/ttyUSB0 arduino wifi code connecting to timescaledb from terminal java create set with values snapshot testing The Schedule Performance Index is equal to: how to get mocha ae plugin free download matrix in \node tikzplot multiple fine uploader in one page that is something leaderstat script chains ipad mini xcode simulator xml array of objects push changes to github phpstorm tree listing in mac how to get the player character roblox script london 50's buildings tutorials on appsync graphql transformation punk creeper platform shoes cheap scrapy itemloader example print("Minus - 12") bitcoin visual studio code vsc download malay to english pashto to urdu google translate english to german trad traduction espagnol google transalte german english traductor google japanese translator traductor español ingles english to latin traductor serbian to english google trad googl trad traduction spanish english english to german google calculator google trasnslate google translate english to chinese google tradutor oversetter translate néerlandais google translate to japanese eng to hin teranslate rotar in english translate engels ne google translator google traduction english to japanese English to french japanses to english spanish to englihs googleübersetzer spanish to english transalte übersetzer english to spanish french english japanese to english återvändsgränd engelska tyranslate translate google translate jap to eng google translate afrikaans to english traduttore google traduttore google.traduttore afrikaans to english translate spanish german to english translator översättning svenska till engelska English to punjabi french open 2020 scores eng to span french to english google übersetzer google trAanslate översätt starring in french translate english to urdu twitch tech dogecoin price gme stock friday night funkin dotenv chess bobbt fischer minesweeper alphabet border radius bootstrap spanish to english] english to hindi tradutor google translte google trsnlate suggestions tradutor tradutor ingles AMC Stock bootstrap 4 font bold godot godott grepper http status codes oculus quest 2 ytouube youtube you tube find my phone gamestop stock nodemon what is an api instagram bootstrap list group spanish dictionary eng to bangla npm clear cache Who is the current leader of france corona statistics laurent gaudé voyages en terres inconnues corrigées corona tracker who will be the next leader of north korea statistiques Coronavirus France responsive img flexbox align right and left what time is it code grepper like cheat bootstrap width 100 create vue project markdown link twitter netflix degrees to radians bootstrap link speed of light visual studio create postgres database cardano pacman 30th anniversary pip freeze requirements.txt ustify-content: flex-end; bootstrap Snapchat clion float right bootstrap asdf preventdefault url shortener free 2*sqrt(3)*sqrt(4) bootstrap navbar fixed top attack on titan season 4 set background image opacity text field flutter how to make image responsive bootstrap 4 mongodb local connection string urban dictionary col offset in bootstrap avatar the last airbender rainbow six siege latex tabular rainmeter December global festivities roboto font black color code Cannot connect to the Docker daemon at unix:///var/run/docker.sock. Is the docker daemon running? lodash npm hacker news tinder reddit redit docker list fo dockiers how to get list of docker containers pacman rule 34 hypixel ip eclipse bootstrap center align columns body-parser npm flutter listview builder cookie clicker image responsive bootstrap 4 microsoft flight simulator 2020 download videos from instagram delete all records from table clear cmd conda list environments npm update bootstrap breakpoints dropdown button flutter example jake paul spotify open.,spo ModuleNotFoundError: No module named 'requests' flutter svg font awesome define size usestate array push which sign is greater than npm font awesome flutter drawer badlion client docker access container find out process using port windows world population predicted growt before earth population cookies wattpad latex text size show collections in mongodb markdown table how to update pip tesla stock 4k resolution boku no pico blue hex code docker list containers random photo covid stats todays corona numbers TypeError: 'NoneType' object is not subscriptable lorem ipsum https where am i sonic processing boostrap shadow red ants how to plot a scatter plot in matplotlib VScode duplicate line check postgres version how to change to dark mode visual studio markdown image ngif else stack overflow How to set a image as a backgroung image gold color code play minesweeper my anime list 20 minute timer Markdown new line image align center how to align two divs side by side Can't bind to 'ngModel' since it isn't a known property of 'input'. create db user postgres bootstrap 4.5 cdn centre align image in div stackoverflow lorem ipsum dolor sit amet flutter build android release apk small npm ERR! missing script: start create a venv search and replace vim redux-devtools-extension npm what is brainfuck for intellij jupyter notebook cmd npm check package version table in markdown bootstrap 4 image circle how to insert an image in markdown mr robot amazon prime typing racer orange color code stock market sublime text fun code games cool math games proptypes oneof wordpress .htaccess file code monkey how to list docker images heroku logs google french translate checkbox in flutter include picture in latex media breakpoints bootstrap media query breakpoints center text in div container add image to readme thank you coronavirus helpers what is bootstrap code grepper english alphabet pip freeze flutter future builder eth price update npm blocks for beacon flutter alertdialog responsive media query breakpoints yarn update all dependencies to latest adding a preview image in readme.md what is an IDE on hover change cursor flutter container border accii art bootstrap script include image latex unity download less than how many seconds in 1 hour activate virtualenv windows league of legends download how to activate a venv in windows video bootstrap godzilla vs kong bootstrap button group image intervention README.md image bootstrap cdn link npm update all bootstrap cdn image center in div flutter apk build electromagnetic spectrum white color code vim download use npm to update packages to latest version December global holidays coding challenges npm version MOVIES import axios next link median covid cases myspace border for container in flutter assembly soap vs rest steins gate firebase deploy only function latex sum switch case in flutter put vs patch migrate fresh specific table flutter appbar widget password regex add migration ef core how to make a conda environment how to know the ip address of my pc using cmd using pip windows cmd latex new line bootstrap glyphicons cloudflare dns Error R10 (Boot timeout) -> Web process failed to bind to $PORT within 60 seconds of launch heroku acid properties in dbms build apk flutter command traversy media format code discord ngstyle word reference fontawesome.com search icon format code intellij flex force div right side 'utf-8' codec can't decode byte 0xff in position 0: invalid start byte green hex code nand gate delete conda environment what is regression testing how to enable flutter web ddos headers in axios.get LF will be replaced by CRLF in assets npm cache clean latex bullet points pac man prune volume docker stripe test card flutter font bold get ip of mac light blue hex code less equal latex download ram Benoit Mandelbrot ng add @angular/material how to query in firestore latex bold font Hex editor no module named numpy Cannot read property 'length' of undefined select search bootstrap internet explorer covid vaccine registration windows keyboard shortcut switch desktop E Unable to locate package sl flutter navigate to new screen text input max length happy new year deprecated dotenv npm color gradient in flutter clear terminal windows How to get free domain covid cases in india how to check flutter version nok stock delta how to get current product key windows 10 ada price how to create link in readme.md Flutter give image rounded corners purple hex code docker tag covid map how to put container in center of page Property 'firstName' has no initializer and is not definitely assigned in the constructor centre text bootstrap tailwind flex align items center http methods pm2 start npm start docker get container ip Arsenal metasploit metafrash open previous closed tab chrome black hex spinner android m to cm flutter add shadow to container facebook vi line number how to check wifi password using cmd Error: Cannot find module 'webpack-cli/bin/config-yargs' how to open anaconda in terminal Flutter Navigator to new page delete docker containers visual studio comment out block 200 status code carpe diem bootstrap text center in div csgo how to add image overleaf ping crontab every 5 minutes radio button vue carpal tunnel? flutter raisedbutton example moment format date black jack gentoo matplotlib subplots itemize latex pink hex code spring boot run command adblocker extension chrome flutter input text in container nitric acid nvm set default contains text xpath onclick href df fetch value authentication vs authorization host file windows 10 stan lee npm start reset cache put header at bottom of div codecrepper npm ERR! code ERESOLVE npm ERR! ERESOLVE unable to resolve dependency tree flush dns has been blocked by CORS policy: Request header field content-type is not allowed by Access-Control-Allow-Headers in preflight response. conda write environment.yml minecraft fontawsome flutter display grid find gameobject with tag jojo's bizarre adventure run cron every hour clip studio paint text align center bootstrap npm webpack infinity war container decoration box flutter bootstrap modal center window host file how to center a form in bootstrap markdown embed image tailwind cdn mac active developer path fontawesome.com mak icon bigger anaconda remove environment charmap' codec can't encode character '\u010d' in position 97: character maps to <undefined> textfield border flutter text-align: center; mp3 to ogg\ text-decoration:none; bootstrap black color hex code whitespace regex gson dependency android add image in markdown minecraft server startup code in url glorious model o krunker io prettier don't format line portainer url in latex email regex amc stock price add background image in bootstrap 5 toast code in android studio windows shutdown command timer bioinformatics flutter checkbox flutter setup macos columns center bootstrap 3 give space in latex The Legend of Korra No module named 'sklearn' google classroom font awesome
cdn expo cli gravity forms shortcode
Browse Popular Code Answers by Language
SQL
sql update query sql insert query sql add column create table sql sql order by sql case when sql foreign key insert into mysql mysql create user create table in mysql mysql add foreign key sql select unique sql delete row create database mysql sql server delete column alter table delete column ERROR 1045 (28000): Access denied for user 'root'@'localhost' (using password: NO) update value postgresql mysql format date insert into select alter table add column postgresql list db mysql list databases mysql grant all privileges to a user mysql delete row update column sql server sql server convert string to date mysql auto increment install postgresql ubuntu sql server substringShell/Bash
delete local branch create remore git branch install node js ubuntu delete a branch in git install angular cli git add remote remove directory linux git command to create a branch how to install docker ubuntu git force pull delete local branch git git switch branch how to switch branch how to revert back to previous commit in git oh my zsh install deb file linux how to see ports in use install jupyter notebook git undo last commit install react bootstrap how to see all branches in git install latest npm how to uninstall npm packages git push to branch set up git repository delete branch git rename branch git git delete branch git discard local changes git rename branchSwift
swift for loop how to loop swift use timer swift create dictionary swift time formats swift swift generate random number create alert in swift show alert swiftui Split a String into an array in Swift convert string to int swift dart capitalize first letter of each word swift change navigation bar color display image from url swift swift get current time add navigation bar button swiftui set image width and height swiftui fnb swift code swift filter array swift hide navigation bar conert data to string swift swift loop through array center text swiftui swift append element to array ios swift convert int to string add top corner radius swift format decimal place swift give background color swiftui replace character in swift play sound swift stack overflow add buton border swiftJavascript
Javascript remove array item by value remove element from array javascript remove a particular element from array javascript removing item from array javascript array remove element javascript remove element from array js remove speific item from array array remove element js how do you remove a remove element from array in javascript Javascript Remove Element By Id Code Example parse integer javascript Javascript string to int string to number js javascript to integer string to int javascript javascript string to integer javascript convert string to number javascript parse a json string js json to object Javascript parse json string javascript json decode json parse string javascript parse json javascript json parse create react app javascript for loop how to convert string to int js js switch case javascript set and get cookie javascript get cookieVBA
excel vba find get last row in column vba for loop vba for next loop skip excel vba for next loop skip message box VBA regex numeric digits excel vba find last column excel date to string conversion vba range to array excel vba array vba array from worksheet data excel formula how to create strings containing double quotes xlvba double quotes in string literal xl vba double quotes in string literal excelvba declare global constant xl-vba declare global constant xlvba declare globals vba global vs public excel vba how to declare a global variable excel vba check cell not empty excel add leading zeros to existing values excel vba wait string to date vb excel vba how to check if a worksheet cell is empty xlvba function sheet exists excel vba test or check if sheet exists xl-vba function sheet exists xlvba check if sheet exists vba function sheet exists vb switch casePython
python split string python if else python write to file python remove element from list python list to string python iterate dictionary key value python virtual environment install opencv python try except python python string to int python read json file enumerate in python python date and time get index of list python how to add a column to a pandas df random number python python sort list drop a column pandas code how pandas save csv file csv python write python check if file exists api in python python project ideas virtual env create python python date format python read file line by line python zip function python pip install python dictionary methods python list lengthR
bootstrap cdn link read csv in r r install package r for loop simple data frame in R read csv file in r r remove na from dataset how to do linear regression in r r remove row dataframe how to import csv file in r r write to csv r replace na with 0 how to read excel file in r r create a vector fuction in r print in r r combine strings write to csv in r how to change column names in r r language legend parameters write csv in r r read file rep in r r set dataframe column names normalization in r r create a list drop na in R rename column in r read xlsx in r r data typesRuby
how create migration rails ruby for loop ruby each do method ruby each with index how to add column to table rails how to delete a table in rails ruby array has element change column rails example rails kill server comment in ruby how to check ruby version how to I change the name of a column in rails uruby to lower case A Ruby write to file example Add references rails migration how to remove columns from rails how to add to an array ruby ruby find in array if string contain
string ruby default value rails migration ruby replace certain character get size of array in ruby ruby each array string interpolation ruby append array in ruby drop rails all db rails remove column from model ruby get current datetime heroku restart rails server rails link_to classRust
hello world rust for loops in rust rust convertinging string to int how to make an array in rust rust match string read file rust rustlang error: linker `link.exe` not found how to index a string in rust range in rust rust get command line arguments how to read from stdin rust array as a parameter rust how to concatenate two &str in rust if let some rust how to split a string by spaces rust casting in rust rust get current directory rust printing string on stdout how to create a window in rust lang display trait rust how to convert int to float in rust rust non derived debug trait example check if a file exists rust rust replace characters rust trait inheritance rust random number in range rust lang sleep rust reverse range rust impl display rustlang try fromPHP
php append to array php format date php check if string contains word php string contains substring php string to int php parse json php length of array php split string php sql insert php get current date and time php try catch laravel clear cache laravel run seed php loop through array count array php Allowed memory size of 1610612736 bytes exhausted in array php php connect to mysql php array length php sql connection php json encode query sql in php php array to string array_search in php php date now php for loop phhp for loop php delete array item by value not key common array methods php php delete element by valueJava
int to string java java scanner stack overflow java random number java array declaration How to split a string in Java sort array java java string to int string to int java how to get a user input in java java split string convert string to int java java how to get current date array in java scanner in java how to create an array in java how to take input in java java string to char array convert char to string java list in java .length array java java convert String to int java parse ineger java read from file writing to a file in java length of string java java how to print an array string replace java java data types java check if string is number java check for string lengthHtml
bootstrap text color bootstarp btn colors radio buttons html HTML button onclick html drop down list how to link css to html bootstrap login form html navigation bar html input types commenting in html html form checkbox bootstrap 4 dropdown html input textarea http status codes bootstrap border color bootstrap 4 center div html background image html select list new line html create a dropdown in html bootstrap bootstrap select box how to use the label tag in html html center button include script in html bootstrap align right video tag html html a href bootstrap display none import js in html html font sizeC++
change int to string cpp getline in c++ c++ get length of array range of long long in c++ length of string c++ how to sort a vector in c++ convert stirng to int c++ how to reverse a string in c++ string to int c++ c++ reverse string remove value from vector c++ array length c++ linkedlist implementation in c++ find vector in c++ c++ switch case statement remove element by index from vector c++ declaring 2d vector in c++ read a file c++ flutter datetime format convert entire string to lowercase c++ making random numbers in c++ c++ for loop input a string in c++ c++ template function string in cpp convert decimal to binary in c++ list conda environments random number in c++ how to declare a function in c++ how to sort an array c++CSS
css background image css media queries background color gradient css center a div in css css center image bootstrap btn classes Attack on titan css box shadow background image size css css align center link css with html css bold text css opacity example table border css linear gradient css css flex center background image css css rounded corners box shadow css font size css hide scrollbar css css style placeholder media query css image cover css image size css justify content css text shadow css position sticky css css align items vertical center css media queryTypeScript
angular navigate using component check if dict key exists python How to download windows 10 ISO React with Typescript how to see all commits in git comments in css angular date pipe how to check whether file exists in python how to check list of open ports in linux how to print array elements in java for loop typescript cannot be loaded because running scripts is disabled on this system Can't bind to 'formGroup' since it isn't a known property of 'form install typescript using npm use google fonts in css angular number pipe see what ports are in use typescript remove object from array looping through two lists python voting results 2020 live google fonts roboto font awesome angular python requests get proxy How to Reload a Component in Angular typescript optional parameters mat-form-field must contain a MatFormFieldControl append to lists python create react app with typescript config get arguments from url flask react children typescriptC#
c sharp split string c# switct case foreach syntax c# c# get set c# date formats custom string to int c# c# two dimensional array c sharp substring c# string to datetime try catch c# csharp datetime string format how to make a for loop in c# c# how to convert string to int c sharp string replace regex in c# c# initialize array c# user input c sharp int to string c sharp how to read a text file c# create array asp.net c# write string to text file c# length of array c# throw new exception population of the world c sharp string interpolation movement script c# .sh script: check if file exist how to rotate object unity c sharp tryparse for loop c#Kotlin
for loop kotlin coroutines kotlin android dependency toast in kotlin make array list kotlin setOnClickListener example kotlin kotlin static method user input in kotlin make hashmap kotlin intent kotlin example how to write hello world in kotlin Kotlin round double string 2d array in kotlin kotlin add element to array what is difference between val and var kotlin comments in kotlin kotlin remove name from an activity how to declare string array in kotlin kotlin list add implement spinner in android kotlin Cannot inline bytecode built with JVM target 1.8 into bytecode that is being built with JVM target 1.6. Please specify proper '-jvm-target' option on click in kotlin android recyclerview scroll to bottom android custom AlertDialog theme how to call a function after delay in kotlin android android disable landscape mode kotlin not configured android studio create empty array in kotlin kotlin mutable list implementation random string generator kotlin kotlin in how to set without findviewbyidC
struct in C size of an array c for loop c ModuleNotFoundError: No module named 'cv2' string to int c read files in c c int to string write in file in c switch statement in c c concatenate strings for loop in c string length c merge sort in c latex font sizes c bubble sort fahrenheit to celsius formula c data types switch case c visual studio code fibonacci series using recursion enum in c c user input how to run a update comand in linux factorial of a given number in c typedef in c fibonacci series in c bool in c how to print in c boolean in c how to print int in cLua
lua for loop where can i learn lua where do lua tables start loop true childs roblox lua how to make a loop lua while loops lua add table to value lua click detection roblox on touch script length of table lua block commenting lua wait function lua while in lua Lua array add item lua in pairs repeating loop roblox lua How to remove index from table lua not equal print table lua how to get a random number in lua lua string to number roblox check if player has gamepass lua loop through table lua variable types lua round number sleep function lua break in lua Roblox Studio TweenService Example in lua 2020 lua for each in table how to execute scripts when a button gui is pressed robloxMatlab
ModuleNotFoundError: No module named 'tkinter' to detect if a data frame has nan values matlab matrix zeros matlab zero vector matlab matrix index matlab matrix size find location of max value in array matlab zsh corrupt history file matlab length of array No module named 'imblearn' break loop for matlab matlab read image num to string matlab wait time matlab matlab clear plot fprintf in directory matlab multiple of value matlab if directory exist matlab save mat file script in matlab directory diff(x) matrix matlab matlab time function mean without nan matlab eval matlab variable name matlab read audio isnull in matlab matlab unix time to datetime Unrecognized function or variable 'matlab.internal.addons.updates.file exchange addon.getType FromPackageInfoUrl'. wait until job matlab load value inside job matlab nan size matlabDart
Flutter turn string to int flutter push route flutter image asset how to show snackbar in flutter flutter list tile how to use hexadecimal color in flutter color() in flutter flutter container rounded corners timer in flutter flutter get current date rounded raisedbutton in flutter switch case in dart how to add padding flutter loop in dart dart card outline container flutter border radius flutter button border radius how to create a toast in flutter generate random int dart declaring and initializing a list in dart text fieldform color flutter toast in flutter New Year's Eve tabs flutter example dart random number text overflow ellipsis flutter text in column flutter overflow ellipsis not working conditionalstatement in widget flutter flutter container margin flutter center rowGo
mongo console find by id throw new TypeError('Router.use() requires a middleware function but got a ' + gettype(fn)) drop mongo database signIn google firebase flutter golang convert int to string connect google drive to colab drop a collection in mongodb google forms answers golang string split golang convert string to int go add to slice set up google analytics make image go to center of page how to see number of words in google docs mongodb export entire database golang convert string to int64 initialize map in golang google cloudb pricing golang array syntax Failed to execute goal org.apache.maven.plugins:maven-surefire-plugin:2.20.1:test (default-test) on project upload drop mongodb database cross out google docs csgo jump throw bind go string to byte array how to stop google colab from disconnecting mongo db show datbae unzip a file in google colab go for loop how to search google how to delete google projectBASIC
Microsoft Flight Simulator. how to send basic auth using fetch basic latex document visual basic how to declare a variable vb string to int32 how to open d drive using conda prompt add combobox in datagridview vb.net visual basic script msgbox how to add basic authentication on haproxy backend server mid visual basic function itextsharp landscape a4 Custom exception visual basic shortcut to rename the file on lenovo s340 Delete all data in neo4j removing illlegal char from filename How to configure cryptodredge docker-compose.yml reusable variablesAssembly
the answer to life the universe and everything hello world in assembly using shape property in flutter for circular corner appending a vector in vector boku ni pico start learning assembly MOD OPERATOR for register in arm assembly array month name hello world x64 assembly cancel shutdown timer No assembly found containing an OwinStartupAttribute. array days of the week Arm assembly fibonacci dot net core 3.1 The type or namespace name 'TestClassAttribute' could not be found (are you missing a using directive or an assembly reference?) matlab machine epsilon program in assembly language to find even numbers from 1 to 10Perl
perl for loop perl print array perl get date perl array loop perl set date perl print hash perl string length perl set a specific datetime perl http request perl replace substring perl datetime formatting perl last characters perl hash size perl get first characters perl validate integer perl validate id numberDelphi
groblersdal to middelburg How to read text files in delphi for loop delphi delphi read file get current date delphi Delphi how copy works delete in delphi how to make message
in delphi Erro ao inserir invalid byte sequence for encoding “UTF8”: 0x00 delphi postgresql length of string in delphi criar procedure/function delphi atalho delphi keydown enter Multi thread delphi get last element of array delphi delphi asking for inpot via dialog boxObjective-C
get product image woocommerce xcode format code Error: EPERM: operation not permitted, mkdir 'C:\Users\SHUBHAM~KUNWAR' command not found: create-react-app uialertcontroller example objective c nstimer example objective c loop array objective c Error: EPERM: operation not permitted, mkdir 'C:\Users\Anubhab' command not found: create-react-app obj c write file worst programming language vc_map type number how to add undelete texts to textfield in ios obj c get point of intersection of 2 linesScala
ValueError: If using all scalar values, you must pass an index scala hello world how to add comment in scala comments in scala scala get the first element of a seq how to get the nth element in a list in scala scala get file from url as string scala last element in listHaskell
list comprehension haskell haskell multiline comment haskell get last element of list last element of list haskell string to list haskell hello world in haskell get first char from string haskellPascal
pascal online compiler comment in pascal comments in pascal producto de matrices pascalJulia
how to push an element to array in julia remove character from string julia julia dereference pointerGroovy
for loop groovy groovy wait time groovy implementation of the interfaceElixir
map merge elixir elixir random number elixir length of listFortran
fortran do while fortran int to string write integer value in name fortran 90ActionScript
visual studio code change terminal color TypeError: Cannot read property 'version' of undefinedClojure
clojure get list first item how to make a range clojureAbap
abap concatenate table abap loop exampleScheme
how to pass unction in scheme how to make a list in scheme
Browse Other Code Languages
Abap
ActionScript
Assembly
BASIC
C
Clojure
Cobol
C++
C#
CSS
Dart
Delphi
Elixir
Erlang
Fortran
F#
Go
Groovy
Haskell
Html
Java
Javascript
Julia
Kotlin
Lisp
Lua
Matlab
Objective-C
Pascal
Perl
PHP
PostScript
Prolog
Python
R
Ruby
Rust
Scala
Scheme
Shell/Bash
Smalltalk
SQL
Swift
TypeScript
VBA
WebAssembly
Whatever
Grepper
Features
Reviews
Code Answers
Search Code Snippets
Pricing
FAQ
Welcome
Browsers Supported
Grepper Teams
Documentation
Adding a Code Snippet
Viewing & Copying Snippets
Social
Twitter
Facebook
Legal
Privacy Policy
Terms
Contact
support@codegrepper.com
X
Register to vote on and add code examples. Join our developer community to improve your dev skills and code like a boss!
No Good?
Help us improve our code examples by registering to vote on and add answers. Join our developer community to improve your dev skills and code like a boss!
Continue with Google
By continuing, I agree that I have read and agree to Greppers's Terms of Service and Privacy Policy.
X
Grepper Account Login Required
Oops, You will need to install Grepper and log-in to perform this action.
Install Grepper Here